{"/home/anil/Dr.Assistant/doc_assistant/backend/auth_service/src/middleware/auth.middleware.js": {"path":"/home/anil/Dr.Assistant/doc_assistant/backend/auth_service/src/middleware/auth.middleware.js","statementMap":{"0":{"start":{"line":1,"column":19},"end":{"line":1,"column":45}},"1":{"start":{"line":2,"column":35},"end":{"line":2,"column":55}},"2":{"start":{"line":3,"column":24},"end":{"line":3,"column":47}},"3":{"start":{"line":4,"column":52},"end":{"line":4,"column":85}},"4":{"start":{"line":12,"column":21},"end":{"line":91,"column":1}},"5":{"start":{"line":13,"column":2},"end":{"line":90,"column":3}},"6":{"start":{"line":15,"column":23},"end":{"line":15,"column":50}},"7":{"start":{"line":16,"column":4},"end":{"line":18,"column":5}},"8":{"start":{"line":17,"column":6},"end":{"line":17,"column":70}},"9":{"start":{"line":20,"column":18},"end":{"line":20,"column":51}},"10":{"start":{"line":23,"column":20},"end":{"line":23,"column":62}},"11":{"start":{"line":26,"column":4},"end":{"line":28,"column":5}},"12":{"start":{"line":27,"column":6},"end":{"line":27,"column":58}},"13":{"start":{"line":31,"column":17},"end":{"line":40,"column":6}},"14":{"start":{"line":42,"column":4},"end":{"line":44,"column":5}},"15":{"start":{"line":43,"column":6},"end":{"line":43,"column":54}},"16":{"start":{"line":47,"column":4},"end":{"line":49,"column":5}},"17":{"start":{"line":48,"column":6},"end":{"line":48,"column":70}},"18":{"start":{"line":52,"column":24},"end":{"line":57,"column":10}},"19":{"start":{"line":53,"column":6},"end":{"line":55,"column":9}},"20":{"start":{"line":54,"column":8},"end":{"line":54,"column":64}},"21":{"start":{"line":56,"column":6},"end":{"line":56,"column":17}},"22":{"start":{"line":60,"column":4},"end":{"line":69,"column":6}},"23":{"start":{"line":66,"column":36},"end":{"line":66,"column":45}},"24":{"start":{"line":71,"column":4},"end":{"line":71,"column":11}},"25":{"start":{"line":73,"column":4},"end":{"line":73,"column":59}},"26":{"start":{"line":75,"column":4},"end":{"line":82,"column":5}},"27":{"start":{"line":76,"column":6},"end":{"line":81,"column":9}},"28":{"start":{"line":84,"column":4},"end":{"line":89,"column":7}},"29":{"start":{"line":98,"column":23},"end":{"line":144,"column":1}},"30":{"start":{"line":99,"column":2},"end":{"line":143,"column":4}},"31":{"start":{"line":100,"column":4},"end":{"line":142,"column":5}},"32":{"start":{"line":101,"column":6},"end":{"line":103,"column":7}},"33":{"start":{"line":102,"column":8},"end":{"line":102,"column":65}},"34":{"start":{"line":106,"column":22},"end":{"line":108,"column":7}},"35":{"start":{"line":107,"column":8},"end":{"line":107,"column":63}},"36":{"start":{"line":110,"column":6},"end":{"line":112,"column":7}},"37":{"start":{"line":111,"column":8},"end":{"line":111,"column":70}},"38":{"start":{"line":114,"column":6},"end":{"line":114,"column":13}},"39":{"start":{"line":116,"column":6},"end":{"line":116,"column":60}},"40":{"start":{"line":118,"column":6},"end":{"line":125,"column":7}},"41":{"start":{"line":119,"column":8},"end":{"line":124,"column":11}},"42":{"start":{"line":127,"column":6},"end":{"line":134,"column":7}},"43":{"start":{"line":128,"column":8},"end":{"line":133,"column":11}},"44":{"start":{"line":136,"column":6},"end":{"line":141,"column":9}},"45":{"start":{"line":151,"column":29},"end":{"line":197,"column":1}},"46":{"start":{"line":152,"column":2},"end":{"line":196,"column":4}},"47":{"start":{"line":153,"column":4},"end":{"line":195,"column":5}},"48":{"start":{"line":154,"column":6},"end":{"line":156,"column":7}},"49":{"start":{"line":155,"column":8},"end":{"line":155,"column":65}},"50":{"start":{"line":159,"column":29},"end":{"line":161,"column":7}},"51":{"start":{"line":160,"column":8},"end":{"line":160,"column":49}},"52":{"start":{"line":163,"column":6},"end":{"line":165,"column":7}},"53":{"start":{"line":164,"column":8},"end":{"line":164,"column":65}},"54":{"start":{"line":167,"column":6},"end":{"line":167,"column":13}},"55":{"start":{"line":169,"column":6},"end":{"line":169,"column":60}},"56":{"start":{"line":171,"column":6},"end":{"line":178,"column":7}},"57":{"start":{"line":172,"column":8},"end":{"line":177,"column":11}},"58":{"start":{"line":180,"column":6},"end":{"line":187,"column":7}},"59":{"start":{"line":181,"column":8},"end":{"line":186,"column":11}},"60":{"start":{"line":189,"column":6},"end":{"line":194,"column":9}},"61":{"start":{"line":199,"column":0},"end":{"line":205,"column":2}}},"fnMap":{"0":{"name":"(anonymous_0)","decl":{"start":{"line":12,"column":21},"end":{"line":12,"column":22}},"loc":{"start":{"line":12,"column":47},"end":{"line":91,"column":1}},"line":12},"1":{"name":"(anonymous_1)","decl":{"start":{"line":52,"column":42},"end":{"line":52,"column":43}},"loc":{"start":{"line":52,"column":57},"end":{"line":57,"column":5}},"line":52},"2":{"name":"(anonymous_2)","decl":{"start":{"line":53,"column":31},"end":{"line":53,"column":32}},"loc":{"start":{"line":53,"column":45},"end":{"line":55,"column":7}},"line":53},"3":{"name":"(anonymous_3)","decl":{"start":{"line":66,"column":28},"end":{"line":66,"column":29}},"loc":{"start":{"line":66,"column":36},"end":{"line":66,"column":45}},"line":66},"4":{"name":"(anonymous_4)","decl":{"start":{"line":98,"column":23},"end":{"line":98,"column":24}},"loc":{"start":{"line":98,"column":34},"end":{"line":144,"column":1}},"line":98},"5":{"name":"(anonymous_5)","decl":{"start":{"line":99,"column":9},"end":{"line":99,"column":10}},"loc":{"start":{"line":99,"column":29},"end":{"line":143,"column":3}},"line":99},"6":{"name":"(anonymous_6)","decl":{"start":{"line":106,"column":33},"end":{"line":106,"column":34}},"loc":{"start":{"line":107,"column":8},"end":{"line":107,"column":63}},"line":107},"7":{"name":"(anonymous_7)","decl":{"start":{"line":151,"column":29},"end":{"line":151,"column":30}},"loc":{"start":{"line":151,"column":54},"end":{"line":197,"column":1}},"line":151},"8":{"name":"(anonymous_8)","decl":{"start":{"line":152,"column":9},"end":{"line":152,"column":10}},"loc":{"start":{"line":152,"column":29},"end":{"line":196,"column":3}},"line":152},"9":{"name":"(anonymous_9)","decl":{"start":{"line":159,"column":55},"end":{"line":159,"column":56}},"loc":{"start":{"line":160,"column":8},"end":{"line":160,"column":49}},"line":160}},"branchMap":{"0":{"loc":{"start":{"line":16,"column":4},"end":{"line":18,"column":5}},"type":"if","locations":[{"start":{"line":16,"column":4},"end":{"line":18,"column":5}},{"start":{},"end":{}}],"line":16},"1":{"loc":{"start":{"line":16,"column":8},"end":{"line":16,"column":56}},"type":"binary-expr","locations":[{"start":{"line":16,"column":8},"end":{"line":16,"column":19}},{"start":{"line":16,"column":23},"end":{"line":16,"column":56}}],"line":16},"2":{"loc":{"start":{"line":26,"column":4},"end":{"line":28,"column":5}},"type":"if","locations":[{"start":{"line":26,"column":4},"end":{"line":28,"column":5}},{"start":{},"end":{}}],"line":26},"3":{"loc":{"start":{"line":42,"column":4},"end":{"line":44,"column":5}},"type":"if","locations":[{"start":{"line":42,"column":4},"end":{"line":44,"column":5}},{"start":{},"end":{}}],"line":42},"4":{"loc":{"start":{"line":47,"column":4},"end":{"line":49,"column":5}},"type":"if","locations":[{"start":{"line":47,"column":4},"end":{"line":49,"column":5}},{"start":{},"end":{}}],"line":47},"5":{"loc":{"start":{"line":75,"column":4},"end":{"line":82,"column":5}},"type":"if","locations":[{"start":{"line":75,"column":4},"end":{"line":82,"column":5}},{"start":{},"end":{}}],"line":75},"6":{"loc":{"start":{"line":101,"column":6},"end":{"line":103,"column":7}},"type":"if","locations":[{"start":{"line":101,"column":6},"end":{"line":103,"column":7}},{"start":{},"end":{}}],"line":101},"7":{"loc":{"start":{"line":107,"column":8},"end":{"line":107,"column":63}},"type":"binary-expr","locations":[{"start":{"line":107,"column":8},"end":{"line":107,"column":30}},{"start":{"line":107,"column":34},"end":{"line":107,"column":63}}],"line":107},"8":{"loc":{"start":{"line":110,"column":6},"end":{"line":112,"column":7}},"type":"if","locations":[{"start":{"line":110,"column":6},"end":{"line":112,"column":7}},{"start":{},"end":{}}],"line":110},"9":{"loc":{"start":{"line":118,"column":6},"end":{"line":125,"column":7}},"type":"if","locations":[{"start":{"line":118,"column":6},"end":{"line":125,"column":7}},{"start":{},"end":{}}],"line":118},"10":{"loc":{"start":{"line":127,"column":6},"end":{"line":134,"column":7}},"type":"if","locations":[{"start":{"line":127,"column":6},"end":{"line":134,"column":7}},{"start":{},"end":{}}],"line":127},"11":{"loc":{"start":{"line":154,"column":6},"end":{"line":156,"column":7}},"type":"if","locations":[{"start":{"line":154,"column":6},"end":{"line":156,"column":7}},{"start":{},"end":{}}],"line":154},"12":{"loc":{"start":{"line":163,"column":6},"end":{"line":165,"column":7}},"type":"if","locations":[{"start":{"line":163,"column":6},"end":{"line":165,"column":7}},{"start":{},"end":{}}],"line":163},"13":{"loc":{"start":{"line":171,"column":6},"end":{"line":178,"column":7}},"type":"if","locations":[{"start":{"line":171,"column":6},"end":{"line":178,"column":7}},{"start":{},"end":{}}],"line":171},"14":{"loc":{"start":{"line":180,"column":6},"end":{"line":187,"column":7}},"type":"if","locations":[{"start":{"line":180,"column":6},"end":{"line":187,"column":7}},{"start":{},"end":{}}],"line":180}},"s":{"0":1,"1":1,"2":1,"3":1,"4":1,"5":1,"6":1,"7":1,"8":1,"9":0,"10":0,"11":0,"12":0,"13":0,"14":0,"15":0,"16":0,"17":0,"18":0,"19":0,"20":0,"21":0,"22":0,"23":0,"24":0,"25":1,"26":1,"27":1,"28":0,"29":1,"30":3,"31":3,"32":3,"33":1,"34":2,"35":3,"36":2,"37":1,"38":1,"39":2,"40":2,"41":1,"42":1,"43":1,"44":0,"45":1,"46":3,"47":3,"48":3,"49":1,"50":2,"51":4,"52":2,"53":1,"54":1,"55":2,"56":2,"57":1,"58":1,"59":1,"60":0,"61":1},"f":{"0":1,"1":0,"2":0,"3":0,"4":3,"5":3,"6":3,"7":3,"8":3,"9":4},"b":{"0":[1,0],"1":[1,0],"2":[0,0],"3":[0,0],"4":[0,0],"5":[1,0],"6":[1,2],"7":[3,2],"8":[1,1],"9":[1,1],"10":[1,0],"11":[1,2],"12":[1,1],"13":[1,1],"14":[1,0]},"inputSourceMap":null,"_coverageSchema":"1a1c01bbd47fc00a2c39e90264f33305004495a9","hash":"d2d1318e687fca5388a1dbd79d72acc2b053ed35"}
,"/home/anil/Dr.Assistant/doc_assistant/backend/auth_service/src/services/auth.service.js": {"path":"/home/anil/Dr.Assistant/doc_assistant/backend/auth_service/src/services/auth.service.js","statementMap":{"0":{"start":{"line":1,"column":15},"end":{"line":1,"column":35}},"1":{"start":{"line":2,"column":19},"end":{"line":2,"column":45}},"2":{"start":{"line":3,"column":42},"end":{"line":3,"column":62}},"3":{"start":{"line":12,"column":4},"end":{"line":12,"column":27}},"4":{"start":{"line":13,"column":68},"end":{"line":13,"column":96}},"5":{"start":{"line":14,"column":102},"end":{"line":14,"column":125}},"6":{"start":{"line":20,"column":4},"end":{"line":20,"column":37}},"7":{"start":{"line":28,"column":16},"end":{"line":28,"column":46}},"8":{"start":{"line":29,"column":2},"end":{"line":29,"column":23}},"9":{"start":{"line":29,"column":14},"end":{"line":29,"column":23}},"10":{"start":{"line":31,"column":14},"end":{"line":31,"column":32}},"11":{"start":{"line":32,"column":15},"end":{"line":32,"column":23}},"12":{"start":{"line":34,"column":2},"end":{"line":42,"column":3}},"13":{"start":{"line":35,"column":14},"end":{"line":35,"column":32}},"14":{"start":{"line":36,"column":14},"end":{"line":36,"column":37}},"15":{"start":{"line":37,"column":14},"end":{"line":37,"column":42}},"16":{"start":{"line":38,"column":14},"end":{"line":38,"column":47}},"17":{"start":{"line":39,"column":14},"end":{"line":39,"column":51}},"18":{"start":{"line":40,"column":14},"end":{"line":40,"column":53}},"19":{"start":{"line":41,"column":13},"end":{"line":41,"column":22}},"20":{"start":{"line":57,"column":0},"end":{"line":129,"column":2}},"21":{"start":{"line":58,"column":2},"end":{"line":58,"column":53}},"22":{"start":{"line":61,"column":2},"end":{"line":61,"column":56}},"23":{"start":{"line":64,"column":23},"end":{"line":71,"column":4}},"24":{"start":{"line":73,"column":2},"end":{"line":79,"column":3}},"25":{"start":{"line":74,"column":4},"end":{"line":78,"column":6}},"26":{"start":{"line":82,"column":23},"end":{"line":82,"column":60}},"27":{"start":{"line":85,"column":15},"end":{"line":95,"column":4}},"28":{"start":{"line":98,"column":22},"end":{"line":98,"column":88}},"29":{"start":{"line":99,"column":2},"end":{"line":101,"column":3}},"30":{"start":{"line":100,"column":4},"end":{"line":100,"column":36}},"31":{"start":{"line":104,"column":22},"end":{"line":104,"column":47}},"32":{"start":{"line":105,"column":23},"end":{"line":105,"column":55}},"33":{"start":{"line":108,"column":2},"end":{"line":128,"column":4}},"34":{"start":{"line":140,"column":0},"end":{"line":250,"column":2}},"35":{"start":{"line":141,"column":2},"end":{"line":141,"column":48}},"36":{"start":{"line":144,"column":15},"end":{"line":151,"column":4}},"37":{"start":{"line":153,"column":2},"end":{"line":156,"column":3}},"38":{"start":{"line":155,"column":4},"end":{"line":155,"column":57}},"39":{"start":{"line":159,"column":2},"end":{"line":162,"column":3}},"40":{"start":{"line":160,"column":21},"end":{"line":160,"column":84}},"41":{"start":{"line":161,"column":4},"end":{"line":161,"column":109}},"42":{"start":{"line":165,"column":18},"end":{"line":165,"column":69}},"43":{"start":{"line":166,"column":2},"end":{"line":180,"column":3}},"44":{"start":{"line":168,"column":4},"end":{"line":168,"column":36}},"45":{"start":{"line":171,"column":4},"end":{"line":176,"column":5}},"46":{"start":{"line":172,"column":6},"end":{"line":172,"column":72}},"47":{"start":{"line":173,"column":6},"end":{"line":173,"column":37}},"48":{"start":{"line":174,"column":6},"end":{"line":174,"column":24}},"49":{"start":{"line":175,"column":6},"end":{"line":175,"column":117}},"50":{"start":{"line":178,"column":4},"end":{"line":178,"column":22}},"51":{"start":{"line":179,"column":4},"end":{"line":179,"column":57}},"52":{"start":{"line":183,"column":2},"end":{"line":183,"column":33}},"53":{"start":{"line":186,"column":2},"end":{"line":186,"column":34}},"54":{"start":{"line":187,"column":2},"end":{"line":187,"column":20}},"55":{"start":{"line":190,"column":2},"end":{"line":200,"column":3}},"56":{"start":{"line":191,"column":4},"end":{"line":199,"column":6}},"57":{"start":{"line":203,"column":22},"end":{"line":203,"column":47}},"58":{"start":{"line":204,"column":23},"end":{"line":209,"column":3}},"59":{"start":{"line":212,"column":16},"end":{"line":217,"column":4}},"60":{"start":{"line":219,"column":22},"end":{"line":224,"column":8}},"61":{"start":{"line":220,"column":4},"end":{"line":222,"column":7}},"62":{"start":{"line":221,"column":6},"end":{"line":221,"column":62}},"63":{"start":{"line":223,"column":4},"end":{"line":223,"column":15}},"64":{"start":{"line":227,"column":2},"end":{"line":249,"column":4}},"65":{"start":{"line":235,"column":31},"end":{"line":235,"column":40}},"66":{"start":{"line":261,"column":0},"end":{"line":349,"column":2}},"67":{"start":{"line":262,"column":2},"end":{"line":262,"column":51}},"68":{"start":{"line":265,"column":15},"end":{"line":265,"column":42}},"69":{"start":{"line":266,"column":2},"end":{"line":268,"column":3}},"70":{"start":{"line":267,"column":4},"end":{"line":267,"column":46}},"71":{"start":{"line":271,"column":2},"end":{"line":273,"column":3}},"72":{"start":{"line":272,"column":4},"end":{"line":272,"column":66}},"73":{"start":{"line":276,"column":18},"end":{"line":276,"column":51}},"74":{"start":{"line":279,"column":23},"end":{"line":279,"column":27}},"75":{"start":{"line":280,"column":2},"end":{"line":295,"column":3}},"76":{"start":{"line":281,"column":4},"end":{"line":281,"column":67}},"77":{"start":{"line":283,"column":4},"end":{"line":294,"column":5}},"78":{"start":{"line":285,"column":33},"end":{"line":290,"column":8}},"79":{"start":{"line":286,"column":8},"end":{"line":288,"column":9}},"80":{"start":{"line":287,"column":10},"end":{"line":287,"column":60}},"81":{"start":{"line":289,"column":8},"end":{"line":289,"column":18}},"82":{"start":{"line":292,"column":6},"end":{"line":292,"column":49}},"83":{"start":{"line":293,"column":6},"end":{"line":293,"column":24}},"84":{"start":{"line":297,"column":2},"end":{"line":299,"column":3}},"85":{"start":{"line":298,"column":4},"end":{"line":298,"column":54}},"86":{"start":{"line":302,"column":22},"end":{"line":302,"column":47}},"87":{"start":{"line":303,"column":23},"end":{"line":308,"column":3}},"88":{"start":{"line":311,"column":16},"end":{"line":316,"column":4}},"89":{"start":{"line":318,"column":22},"end":{"line":323,"column":8}},"90":{"start":{"line":319,"column":4},"end":{"line":321,"column":7}},"91":{"start":{"line":320,"column":6},"end":{"line":320,"column":62}},"92":{"start":{"line":322,"column":4},"end":{"line":322,"column":15}},"93":{"start":{"line":326,"column":2},"end":{"line":348,"column":4}},"94":{"start":{"line":334,"column":31},"end":{"line":334,"column":40}},"95":{"start":{"line":359,"column":0},"end":{"line":394,"column":2}},"96":{"start":{"line":360,"column":2},"end":{"line":360,"column":34}},"97":{"start":{"line":363,"column":26},"end":{"line":367,"column":3}},"98":{"start":{"line":370,"column":22},"end":{"line":372,"column":4}},"99":{"start":{"line":374,"column":15},"end":{"line":374,"column":54}},"100":{"start":{"line":375,"column":2},"end":{"line":377,"column":3}},"101":{"start":{"line":376,"column":4},"end":{"line":376,"column":46}},"102":{"start":{"line":380,"column":22},"end":{"line":380,"column":47}},"103":{"start":{"line":382,"column":2},"end":{"line":393,"column":4}},"104":{"start":{"line":401,"column":0},"end":{"line":408,"column":2}},"105":{"start":{"line":402,"column":2},"end":{"line":402,"column":34}},"106":{"start":{"line":405,"column":18},"end":{"line":405,"column":56}},"107":{"start":{"line":407,"column":2},"end":{"line":407,"column":21}},"108":{"start":{"line":415,"column":0},"end":{"line":425,"column":2}},"109":{"start":{"line":416,"column":2},"end":{"line":416,"column":61}},"110":{"start":{"line":419,"column":16},"end":{"line":419,"column":49}},"111":{"start":{"line":421,"column":2},"end":{"line":424,"column":4}},"112":{"start":{"line":432,"column":0},"end":{"line":464,"column":2}},"113":{"start":{"line":433,"column":2},"end":{"line":433,"column":52}},"114":{"start":{"line":436,"column":15},"end":{"line":436,"column":42}},"115":{"start":{"line":437,"column":2},"end":{"line":439,"column":3}},"116":{"start":{"line":438,"column":4},"end":{"line":438,"column":46}},"117":{"start":{"line":442,"column":17},"end":{"line":442,"column":50}},"118":{"start":{"line":445,"column":22},"end":{"line":449,"column":5}},"119":{"start":{"line":445,"column":57},"end":{"line":449,"column":3}},"120":{"start":{"line":452,"column":17},"end":{"line":452,"column":49}},"121":{"start":{"line":455,"column":2},"end":{"line":455,"column":34}},"122":{"start":{"line":456,"column":2},"end":{"line":456,"column":38}},"123":{"start":{"line":457,"column":2},"end":{"line":457,"column":20}},"124":{"start":{"line":459,"column":2},"end":{"line":463,"column":4}},"125":{"start":{"line":462,"column":39},"end":{"line":462,"column":46}},"126":{"start":{"line":472,"column":0},"end":{"line":500,"column":2}},"127":{"start":{"line":473,"column":2},"end":{"line":473,"column":50}},"128":{"start":{"line":476,"column":15},"end":{"line":476,"column":42}},"129":{"start":{"line":477,"column":2},"end":{"line":479,"column":3}},"130":{"start":{"line":478,"column":4},"end":{"line":478,"column":46}},"131":{"start":{"line":482,"column":2},"end":{"line":484,"column":3}},"132":{"start":{"line":483,"column":4},"end":{"line":483,"column":70}},"133":{"start":{"line":487,"column":18},"end":{"line":487,"column":51}},"134":{"start":{"line":488,"column":2},"end":{"line":490,"column":3}},"135":{"start":{"line":489,"column":4},"end":{"line":489,"column":59}},"136":{"start":{"line":493,"column":2},"end":{"line":493,"column":26}},"137":{"start":{"line":494,"column":2},"end":{"line":494,"column":20}},"138":{"start":{"line":496,"column":2},"end":{"line":499,"column":4}},"139":{"start":{"line":508,"column":0},"end":{"line":545,"column":2}},"140":{"start":{"line":509,"column":2},"end":{"line":509,"column":51}},"141":{"start":{"line":512,"column":15},"end":{"line":512,"column":42}},"142":{"start":{"line":513,"column":2},"end":{"line":515,"column":3}},"143":{"start":{"line":514,"column":4},"end":{"line":514,"column":46}},"144":{"start":{"line":518,"column":2},"end":{"line":520,"column":3}},"145":{"start":{"line":519,"column":4},"end":{"line":519,"column":66}},"146":{"start":{"line":523,"column":18},"end":{"line":523,"column":51}},"147":{"start":{"line":526,"column":23},"end":{"line":526,"column":27}},"148":{"start":{"line":527,"column":2},"end":{"line":529,"column":3}},"149":{"start":{"line":528,"column":4},"end":{"line":528,"column":67}},"150":{"start":{"line":531,"column":2},"end":{"line":533,"column":3}},"151":{"start":{"line":532,"column":4},"end":{"line":532,"column":59}},"152":{"start":{"line":536,"column":2},"end":{"line":536,"column":27}},"153":{"start":{"line":537,"column":2},"end":{"line":537,"column":25}},"154":{"start":{"line":538,"column":2},"end":{"line":538,"column":31}},"155":{"start":{"line":539,"column":2},"end":{"line":539,"column":20}},"156":{"start":{"line":541,"column":2},"end":{"line":544,"column":4}},"157":{"start":{"line":552,"column":0},"end":{"line":593,"column":2}},"158":{"start":{"line":553,"column":15},"end":{"line":562,"column":4}},"159":{"start":{"line":564,"column":2},"end":{"line":566,"column":3}},"160":{"start":{"line":565,"column":4},"end":{"line":565,"column":46}},"161":{"start":{"line":569,"column":22},"end":{"line":574,"column":8}},"162":{"start":{"line":570,"column":4},"end":{"line":572,"column":7}},"163":{"start":{"line":571,"column":6},"end":{"line":571,"column":62}},"164":{"start":{"line":573,"column":4},"end":{"line":573,"column":15}},"165":{"start":{"line":576,"column":2},"end":{"line":592,"column":4}},"166":{"start":{"line":588,"column":34},"end":{"line":588,"column":43}}},"fnMap":{"0":{"name":"ms","decl":{"start":{"line":27,"column":9},"end":{"line":27,"column":11}},"loc":{"start":{"line":27,"column":17},"end":{"line":43,"column":1}},"line":27},"1":{"name":"(anonymous_1)","decl":{"start":{"line":57,"column":23},"end":{"line":57,"column":24}},"loc":{"start":{"line":57,"column":43},"end":{"line":129,"column":1}},"line":57},"2":{"name":"(anonymous_2)","decl":{"start":{"line":140,"column":20},"end":{"line":140,"column":21}},"loc":{"start":{"line":140,"column":64},"end":{"line":250,"column":1}},"line":140},"3":{"name":"(anonymous_3)","decl":{"start":{"line":219,"column":35},"end":{"line":219,"column":36}},"loc":{"start":{"line":219,"column":50},"end":{"line":224,"column":3}},"line":219},"4":{"name":"(anonymous_4)","decl":{"start":{"line":220,"column":29},"end":{"line":220,"column":30}},"loc":{"start":{"line":220,"column":43},"end":{"line":222,"column":5}},"line":220},"5":{"name":"(anonymous_5)","decl":{"start":{"line":235,"column":23},"end":{"line":235,"column":24}},"loc":{"start":{"line":235,"column":31},"end":{"line":235,"column":40}},"line":235},"6":{"name":"(anonymous_6)","decl":{"start":{"line":261,"column":20},"end":{"line":261,"column":21}},"loc":{"start":{"line":261,"column":58},"end":{"line":349,"column":1}},"line":261},"7":{"name":"(anonymous_7)","decl":{"start":{"line":285,"column":59},"end":{"line":285,"column":60}},"loc":{"start":{"line":285,"column":65},"end":{"line":290,"column":7}},"line":285},"8":{"name":"(anonymous_8)","decl":{"start":{"line":318,"column":35},"end":{"line":318,"column":36}},"loc":{"start":{"line":318,"column":50},"end":{"line":323,"column":3}},"line":318},"9":{"name":"(anonymous_9)","decl":{"start":{"line":319,"column":29},"end":{"line":319,"column":30}},"loc":{"start":{"line":319,"column":43},"end":{"line":321,"column":5}},"line":319},"10":{"name":"(anonymous_10)","decl":{"start":{"line":334,"column":23},"end":{"line":334,"column":24}},"loc":{"start":{"line":334,"column":31},"end":{"line":334,"column":40}},"line":334},"11":{"name":"(anonymous_11)","decl":{"start":{"line":359,"column":23},"end":{"line":359,"column":24}},"loc":{"start":{"line":359,"column":61},"end":{"line":394,"column":1}},"line":359},"12":{"name":"(anonymous_12)","decl":{"start":{"line":401,"column":17},"end":{"line":401,"column":18}},"loc":{"start":{"line":401,"column":41},"end":{"line":408,"column":1}},"line":401},"13":{"name":"(anonymous_13)","decl":{"start":{"line":415,"column":20},"end":{"line":415,"column":21}},"loc":{"start":{"line":415,"column":38},"end":{"line":425,"column":1}},"line":415},"14":{"name":"(anonymous_14)","decl":{"start":{"line":432,"column":19},"end":{"line":432,"column":20}},"loc":{"start":{"line":432,"column":37},"end":{"line":464,"column":1}},"line":432},"15":{"name":"(anonymous_15)","decl":{"start":{"line":445,"column":48},"end":{"line":445,"column":49}},"loc":{"start":{"line":445,"column":57},"end":{"line":449,"column":3}},"line":445},"16":{"name":"(anonymous_16)","decl":{"start":{"line":462,"column":33},"end":{"line":462,"column":34}},"loc":{"start":{"line":462,"column":39},"end":{"line":462,"column":46}},"line":462},"17":{"name":"(anonymous_17)","decl":{"start":{"line":472,"column":20},"end":{"line":472,"column":21}},"loc":{"start":{"line":472,"column":44},"end":{"line":500,"column":1}},"line":472},"18":{"name":"(anonymous_18)","decl":{"start":{"line":508,"column":21},"end":{"line":508,"column":22}},"loc":{"start":{"line":508,"column":45},"end":{"line":545,"column":1}},"line":508},"19":{"name":"(anonymous_19)","decl":{"start":{"line":552,"column":22},"end":{"line":552,"column":23}},"loc":{"start":{"line":552,"column":36},"end":{"line":593,"column":1}},"line":552},"20":{"name":"(anonymous_20)","decl":{"start":{"line":569,"column":40},"end":{"line":569,"column":41}},"loc":{"start":{"line":569,"column":55},"end":{"line":574,"column":3}},"line":569},"21":{"name":"(anonymous_21)","decl":{"start":{"line":570,"column":29},"end":{"line":570,"column":30}},"loc":{"start":{"line":570,"column":43},"end":{"line":572,"column":5}},"line":570},"22":{"name":"(anonymous_22)","decl":{"start":{"line":588,"column":26},"end":{"line":588,"column":27}},"loc":{"start":{"line":588,"column":34},"end":{"line":588,"column":43}},"line":588}},"branchMap":{"0":{"loc":{"start":{"line":29,"column":2},"end":{"line":29,"column":23}},"type":"if","locations":[{"start":{"line":29,"column":2},"end":{"line":29,"column":23}},{"start":{},"end":{}}],"line":29},"1":{"loc":{"start":{"line":34,"column":2},"end":{"line":42,"column":3}},"type":"switch","locations":[{"start":{"line":35,"column":4},"end":{"line":35,"column":32}},{"start":{"line":36,"column":4},"end":{"line":36,"column":37}},{"start":{"line":37,"column":4},"end":{"line":37,"column":42}},{"start":{"line":38,"column":4},"end":{"line":38,"column":47}},{"start":{"line":39,"column":4},"end":{"line":39,"column":51}},{"start":{"line":40,"column":4},"end":{"line":40,"column":53}},{"start":{"line":41,"column":4},"end":{"line":41,"column":22}}],"line":34},"2":{"loc":{"start":{"line":73,"column":2},"end":{"line":79,"column":3}},"type":"if","locations":[{"start":{"line":73,"column":2},"end":{"line":79,"column":3}},{"start":{},"end":{}}],"line":73},"3":{"loc":{"start":{"line":75,"column":6},"end":{"line":77,"column":34}},"type":"cond-expr","locations":[{"start":{"line":76,"column":10},"end":{"line":76,"column":32}},{"start":{"line":77,"column":10},"end":{"line":77,"column":34}}],"line":75},"4":{"loc":{"start":{"line":90,"column":10},"end":{"line":90,"column":35}},"type":"binary-expr","locations":[{"start":{"line":90,"column":10},"end":{"line":90,"column":23}},{"start":{"line":90,"column":27},"end":{"line":90,"column":35}}],"line":90},"5":{"loc":{"start":{"line":98,"column":58},"end":{"line":98,"column":83}},"type":"binary-expr","locations":[{"start":{"line":98,"column":58},"end":{"line":98,"column":71}},{"start":{"line":98,"column":75},"end":{"line":98,"column":83}}],"line":98},"6":{"loc":{"start":{"line":99,"column":2},"end":{"line":101,"column":3}},"type":"if","locations":[{"start":{"line":99,"column":2},"end":{"line":101,"column":3}},{"start":{},"end":{}}],"line":99},"7":{"loc":{"start":{"line":121,"column":42},"end":{"line":121,"column":77}},"type":"binary-expr","locations":[{"start":{"line":121,"column":42},"end":{"line":121,"column":68}},{"start":{"line":121,"column":72},"end":{"line":121,"column":77}}],"line":121},"8":{"loc":{"start":{"line":140,"column":47},"end":{"line":140,"column":59}},"type":"default-arg","locations":[{"start":{"line":140,"column":57},"end":{"line":140,"column":59}}],"line":140},"9":{"loc":{"start":{"line":153,"column":2},"end":{"line":156,"column":3}},"type":"if","locations":[{"start":{"line":153,"column":2},"end":{"line":156,"column":3}},{"start":{},"end":{}}],"line":153},"10":{"loc":{"start":{"line":159,"column":2},"end":{"line":162,"column":3}},"type":"if","locations":[{"start":{"line":159,"column":2},"end":{"line":162,"column":3}},{"start":{},"end":{}}],"line":159},"11":{"loc":{"start":{"line":159,"column":6},"end":{"line":159,"column":73}},"type":"binary-expr","locations":[{"start":{"line":159,"column":6},"end":{"line":159,"column":31}},{"start":{"line":159,"column":35},"end":{"line":159,"column":73}}],"line":159},"12":{"loc":{"start":{"line":166,"column":2},"end":{"line":180,"column":3}},"type":"if","locations":[{"start":{"line":166,"column":2},"end":{"line":180,"column":3}},{"start":{},"end":{}}],"line":166},"13":{"loc":{"start":{"line":171,"column":4},"end":{"line":176,"column":5}},"type":"if","locations":[{"start":{"line":171,"column":4},"end":{"line":176,"column":5}},{"start":{},"end":{}}],"line":171},"14":{"loc":{"start":{"line":190,"column":2},"end":{"line":200,"column":3}},"type":"if","locations":[{"start":{"line":190,"column":2},"end":{"line":200,"column":3}},{"start":{},"end":{}}],"line":190},"15":{"loc":{"start":{"line":207,"column":4},"end":{"line":207,"column":28}},"type":"binary-expr","locations":[{"start":{"line":207,"column":4},"end":{"line":207,"column":22}},{"start":{"line":207,"column":26},"end":{"line":207,"column":28}}],"line":207},"16":{"loc":{"start":{"line":242,"column":42},"end":{"line":242,"column":77}},"type":"binary-expr","locations":[{"start":{"line":242,"column":42},"end":{"line":242,"column":68}},{"start":{"line":242,"column":72},"end":{"line":242,"column":77}}],"line":242},"17":{"loc":{"start":{"line":261,"column":41},"end":{"line":261,"column":53}},"type":"default-arg","locations":[{"start":{"line":261,"column":51},"end":{"line":261,"column":53}}],"line":261},"18":{"loc":{"start":{"line":266,"column":2},"end":{"line":268,"column":3}},"type":"if","locations":[{"start":{"line":266,"column":2},"end":{"line":268,"column":3}},{"start":{},"end":{}}],"line":266},"19":{"loc":{"start":{"line":271,"column":2},"end":{"line":273,"column":3}},"type":"if","locations":[{"start":{"line":271,"column":2},"end":{"line":273,"column":3}},{"start":{},"end":{}}],"line":271},"20":{"loc":{"start":{"line":280,"column":2},"end":{"line":295,"column":3}},"type":"if","locations":[{"start":{"line":280,"column":2},"end":{"line":295,"column":3}},{"start":{},"end":{}}],"line":280},"21":{"loc":{"start":{"line":280,"column":6},"end":{"line":280,"column":39}},"type":"binary-expr","locations":[{"start":{"line":280,"column":6},"end":{"line":280,"column":14}},{"start":{"line":280,"column":18},"end":{"line":280,"column":39}}],"line":280},"22":{"loc":{"start":{"line":283,"column":4},"end":{"line":294,"column":5}},"type":"if","locations":[{"start":{"line":283,"column":4},"end":{"line":294,"column":5}},{"start":{},"end":{}}],"line":283},"23":{"loc":{"start":{"line":286,"column":8},"end":{"line":288,"column":9}},"type":"if","locations":[{"start":{"line":286,"column":8},"end":{"line":288,"column":9}},{"start":{},"end":{}}],"line":286},"24":{"loc":{"start":{"line":297,"column":2},"end":{"line":299,"column":3}},"type":"if","locations":[{"start":{"line":297,"column":2},"end":{"line":299,"column":3}},{"start":{},"end":{}}],"line":297},"25":{"loc":{"start":{"line":297,"column":6},"end":{"line":297,"column":33}},"type":"binary-expr","locations":[{"start":{"line":297,"column":6},"end":{"line":297,"column":14}},{"start":{"line":297,"column":18},"end":{"line":297,"column":33}}],"line":297},"26":{"loc":{"start":{"line":306,"column":4},"end":{"line":306,"column":28}},"type":"binary-expr","locations":[{"start":{"line":306,"column":4},"end":{"line":306,"column":22}},{"start":{"line":306,"column":26},"end":{"line":306,"column":28}}],"line":306},"27":{"loc":{"start":{"line":341,"column":42},"end":{"line":341,"column":77}},"type":"binary-expr","locations":[{"start":{"line":341,"column":42},"end":{"line":341,"column":68}},{"start":{"line":341,"column":72},"end":{"line":341,"column":77}}],"line":341},"28":{"loc":{"start":{"line":359,"column":44},"end":{"line":359,"column":56}},"type":"default-arg","locations":[{"start":{"line":359,"column":54},"end":{"line":359,"column":56}}],"line":359},"29":{"loc":{"start":{"line":365,"column":4},"end":{"line":365,"column":28}},"type":"binary-expr","locations":[{"start":{"line":365,"column":4},"end":{"line":365,"column":22}},{"start":{"line":365,"column":26},"end":{"line":365,"column":28}}],"line":365},"30":{"loc":{"start":{"line":375,"column":2},"end":{"line":377,"column":3}},"type":"if","locations":[{"start":{"line":375,"column":2},"end":{"line":377,"column":3}},{"start":{},"end":{}}],"line":375},"31":{"loc":{"start":{"line":386,"column":42},"end":{"line":386,"column":77}},"type":"binary-expr","locations":[{"start":{"line":386,"column":42},"end":{"line":386,"column":68}},{"start":{"line":386,"column":72},"end":{"line":386,"column":77}}],"line":386},"32":{"loc":{"start":{"line":437,"column":2},"end":{"line":439,"column":3}},"type":"if","locations":[{"start":{"line":437,"column":2},"end":{"line":439,"column":3}},{"start":{},"end":{}}],"line":437},"33":{"loc":{"start":{"line":477,"column":2},"end":{"line":479,"column":3}},"type":"if","locations":[{"start":{"line":477,"column":2},"end":{"line":479,"column":3}},{"start":{},"end":{}}],"line":477},"34":{"loc":{"start":{"line":482,"column":2},"end":{"line":484,"column":3}},"type":"if","locations":[{"start":{"line":482,"column":2},"end":{"line":484,"column":3}},{"start":{},"end":{}}],"line":482},"35":{"loc":{"start":{"line":488,"column":2},"end":{"line":490,"column":3}},"type":"if","locations":[{"start":{"line":488,"column":2},"end":{"line":490,"column":3}},{"start":{},"end":{}}],"line":488},"36":{"loc":{"start":{"line":513,"column":2},"end":{"line":515,"column":3}},"type":"if","locations":[{"start":{"line":513,"column":2},"end":{"line":515,"column":3}},{"start":{},"end":{}}],"line":513},"37":{"loc":{"start":{"line":518,"column":2},"end":{"line":520,"column":3}},"type":"if","locations":[{"start":{"line":518,"column":2},"end":{"line":520,"column":3}},{"start":{},"end":{}}],"line":518},"38":{"loc":{"start":{"line":527,"column":2},"end":{"line":529,"column":3}},"type":"if","locations":[{"start":{"line":527,"column":2},"end":{"line":529,"column":3}},{"start":{},"end":{}}],"line":527},"39":{"loc":{"start":{"line":527,"column":6},"end":{"line":527,"column":39}},"type":"binary-expr","locations":[{"start":{"line":527,"column":6},"end":{"line":527,"column":14}},{"start":{"line":527,"column":18},"end":{"line":527,"column":39}}],"line":527},"40":{"loc":{"start":{"line":531,"column":2},"end":{"line":533,"column":3}},"type":"if","locations":[{"start":{"line":531,"column":2},"end":{"line":533,"column":3}},{"start":{},"end":{}}],"line":531},"41":{"loc":{"start":{"line":531,"column":6},"end":{"line":531,"column":33}},"type":"binary-expr","locations":[{"start":{"line":531,"column":6},"end":{"line":531,"column":14}},{"start":{"line":531,"column":18},"end":{"line":531,"column":33}}],"line":531},"42":{"loc":{"start":{"line":564,"column":2},"end":{"line":566,"column":3}},"type":"if","locations":[{"start":{"line":564,"column":2},"end":{"line":566,"column":3}},{"start":{},"end":{}}],"line":564}},"s":{"0":1,"1":1,"2":1,"3":1,"4":1,"5":1,"6":1,"7":0,"8":0,"9":0,"10":0,"11":0,"12":0,"13":0,"14":0,"15":0,"16":0,"17":0,"18":0,"19":0,"20":1,"21":1,"22":1,"23":1,"24":1,"25":1,"26":0,"27":0,"28":0,"29":0,"30":0,"31":0,"32":0,"33":0,"34":1,"35":0,"36":0,"37":0,"38":0,"39":0,"40":0,"41":0,"42":0,"43":0,"44":0,"45":0,"46":0,"47":0,"48":0,"49":0,"50":0,"51":0,"52":0,"53":0,"54":0,"55":0,"56":0,"57":0,"58":0,"59":0,"60":0,"61":0,"62":0,"63":0,"64":0,"65":0,"66":1,"67":0,"68":0,"69":0,"70":0,"71":0,"72":0,"73":0,"74":0,"75":0,"76":0,"77":0,"78":0,"79":0,"80":0,"81":0,"82":0,"83":0,"84":0,"85":0,"86":0,"87":0,"88":0,"89":0,"90":0,"91":0,"92":0,"93":0,"94":0,"95":1,"96":0,"97":0,"98":0,"99":0,"100":0,"101":0,"102":0,"103":0,"104":1,"105":0,"106":0,"107":0,"108":1,"109":0,"110":0,"111":0,"112":1,"113":0,"114":0,"115":0,"116":0,"117":0,"118":0,"119":0,"120":0,"121":0,"122":0,"123":0,"124":0,"125":0,"126":1,"127":0,"128":0,"129":0,"130":0,"131":0,"132":0,"133":0,"134":0,"135":0,"136":0,"137":0,"138":0,"139":1,"140":0,"141":0,"142":0,"143":0,"144":0,"145":0,"146":0,"147":0,"148":0,"149":0,"150":0,"151":0,"152":0,"153":0,"154":0,"155":0,"156":0,"157":1,"158":0,"159":0,"160":0,"161":0,"162":0,"163":0,"164":0,"165":0,"166":0},"f":{"0":0,"1":1,"2":0,"3":0,"4":0,"5":0,"6":0,"7":0,"8":0,"9":0,"10":0,"11":0,"12":0,"13":0,"14":0,"15":0,"16":0,"17":0,"18":0,"19":0,"20":0,"21":0,"22":0},"b":{"0":[0,0],"1":[0,0,0,0,0,0,0],"2":[1,0],"3":[1,0],"4":[0,0],"5":[0,0],"6":[0,0],"7":[0,0],"8":[0],"9":[0,0],"10":[0,0],"11":[0,0],"12":[0,0],"13":[0,0],"14":[0,0],"15":[0,0],"16":[0,0],"17":[0],"18":[0,0],"19":[0,0],"20":[0,0],"21":[0,0],"22":[0,0],"23":[0,0],"24":[0,0],"25":[0,0],"26":[0,0],"27":[0,0],"28":[0],"29":[0,0],"30":[0,0],"31":[0,0],"32":[0,0],"33":[0,0],"34":[0,0],"35":[0,0],"36":[0,0],"37":[0,0],"38":[0,0],"39":[0,0],"40":[0,0],"41":[0,0],"42":[0,0]},"inputSourceMap":null,"_coverageSchema":"1a1c01bbd47fc00a2c39e90264f33305004495a9","hash":"d8982ac165b79923e9a85bcc1b74974dffd1457e"}
,"/home/anil/Dr.Assistant/doc_assistant/backend/auth_service/src/utils/error-handler.js": {"path":"/home/anil/Dr.Assistant/doc_assistant/backend/auth_service/src/utils/error-handler.js","statementMap":{"0":{"start":{"line":1,"column":19},"end":{"line":1,"column":38}},"1":{"start":{"line":14,"column":4},"end":{"line":14,"column":19}},"2":{"start":{"line":15,"column":4},"end":{"line":15,"column":33}},"3":{"start":{"line":16,"column":4},"end":{"line":16,"column":21}},"4":{"start":{"line":17,"column":4},"end":{"line":17,"column":38}},"5":{"start":{"line":18,"column":4},"end":{"line":18,"column":52}},"6":{"start":{"line":27,"column":4},"end":{"line":27,"column":30}},"7":{"start":{"line":36,"column":4},"end":{"line":36,"column":30}},"8":{"start":{"line":45,"column":4},"end":{"line":45,"column":30}},"9":{"start":{"line":54,"column":4},"end":{"line":54,"column":30}},"10":{"start":{"line":63,"column":4},"end":{"line":63,"column":30}},"11":{"start":{"line":74,"column":21},"end":{"line":112,"column":1}},"12":{"start":{"line":76,"column":2},"end":{"line":81,"column":5}},"13":{"start":{"line":84,"column":19},"end":{"line":84,"column":40}},"14":{"start":{"line":85,"column":16},"end":{"line":85,"column":54}},"15":{"start":{"line":86,"column":18},"end":{"line":86,"column":32}},"16":{"start":{"line":89,"column":2},"end":{"line":101,"column":3}},"17":{"start":{"line":90,"column":4},"end":{"line":90,"column":21}},"18":{"start":{"line":91,"column":4},"end":{"line":91,"column":33}},"19":{"start":{"line":92,"column":4},"end":{"line":97,"column":6}},"20":{"start":{"line":93,"column":35},"end":{"line":96,"column":7}},"21":{"start":{"line":98,"column":9},"end":{"line":101,"column":3}},"22":{"start":{"line":99,"column":4},"end":{"line":99,"column":21}},"23":{"start":{"line":100,"column":4},"end":{"line":100,"column":41}},"24":{"start":{"line":104,"column":2},"end":{"line":111,"column":5}},"25":{"start":{"line":114,"column":0},"end":{"line":122,"column":2}}},"fnMap":{"0":{"name":"(anonymous_0)","decl":{"start":{"line":13,"column":2},"end":{"line":13,"column":3}},"loc":{"start":{"line":13,"column":46},"end":{"line":19,"column":3}},"line":13},"1":{"name":"(anonymous_1)","decl":{"start":{"line":26,"column":2},"end":{"line":26,"column":3}},"loc":{"start":{"line":26,"column":60},"end":{"line":28,"column":3}},"line":26},"2":{"name":"(anonymous_2)","decl":{"start":{"line":35,"column":2},"end":{"line":35,"column":3}},"loc":{"start":{"line":35,"column":77},"end":{"line":37,"column":3}},"line":35},"3":{"name":"(anonymous_3)","decl":{"start":{"line":44,"column":2},"end":{"line":44,"column":3}},"loc":{"start":{"line":44,"column":56},"end":{"line":46,"column":3}},"line":44},"4":{"name":"(anonymous_4)","decl":{"start":{"line":53,"column":2},"end":{"line":53,"column":3}},"loc":{"start":{"line":53,"column":57},"end":{"line":55,"column":3}},"line":53},"5":{"name":"(anonymous_5)","decl":{"start":{"line":62,"column":2},"end":{"line":62,"column":3}},"loc":{"start":{"line":62,"column":62},"end":{"line":64,"column":3}},"line":62},"6":{"name":"(anonymous_6)","decl":{"start":{"line":74,"column":21},"end":{"line":74,"column":22}},"loc":{"start":{"line":74,"column":46},"end":{"line":112,"column":1}},"line":74},"7":{"name":"(anonymous_7)","decl":{"start":{"line":93,"column":29},"end":{"line":93,"column":30}},"loc":{"start":{"line":93,"column":35},"end":{"line":96,"column":7}},"line":93}},"branchMap":{"0":{"loc":{"start":{"line":13,"column":35},"end":{"line":13,"column":44}},"type":"default-arg","locations":[{"start":{"line":13,"column":42},"end":{"line":13,"column":44}}],"line":13},"1":{"loc":{"start":{"line":26,"column":14},"end":{"line":26,"column":47}},"type":"default-arg","locations":[{"start":{"line":26,"column":24},"end":{"line":26,"column":47}}],"line":26},"2":{"loc":{"start":{"line":26,"column":49},"end":{"line":26,"column":58}},"type":"default-arg","locations":[{"start":{"line":26,"column":56},"end":{"line":26,"column":58}}],"line":26},"3":{"loc":{"start":{"line":35,"column":14},"end":{"line":35,"column":64}},"type":"default-arg","locations":[{"start":{"line":35,"column":24},"end":{"line":35,"column":64}}],"line":35},"4":{"loc":{"start":{"line":35,"column":66},"end":{"line":35,"column":75}},"type":"default-arg","locations":[{"start":{"line":35,"column":73},"end":{"line":35,"column":75}}],"line":35},"5":{"loc":{"start":{"line":44,"column":14},"end":{"line":44,"column":43}},"type":"default-arg","locations":[{"start":{"line":44,"column":24},"end":{"line":44,"column":43}}],"line":44},"6":{"loc":{"start":{"line":44,"column":45},"end":{"line":44,"column":54}},"type":"default-arg","locations":[{"start":{"line":44,"column":52},"end":{"line":44,"column":54}}],"line":44},"7":{"loc":{"start":{"line":53,"column":14},"end":{"line":53,"column":44}},"type":"default-arg","locations":[{"start":{"line":53,"column":24},"end":{"line":53,"column":44}}],"line":53},"8":{"loc":{"start":{"line":53,"column":46},"end":{"line":53,"column":55}},"type":"default-arg","locations":[{"start":{"line":53,"column":53},"end":{"line":53,"column":55}}],"line":53},"9":{"loc":{"start":{"line":62,"column":14},"end":{"line":62,"column":49}},"type":"default-arg","locations":[{"start":{"line":62,"column":24},"end":{"line":62,"column":49}}],"line":62},"10":{"loc":{"start":{"line":62,"column":51},"end":{"line":62,"column":60}},"type":"default-arg","locations":[{"start":{"line":62,"column":58},"end":{"line":62,"column":60}}],"line":62},"11":{"loc":{"start":{"line":80,"column":8},"end":{"line":80,"column":38}},"type":"binary-expr","locations":[{"start":{"line":80,"column":8},"end":{"line":80,"column":16}},{"start":{"line":80,"column":20},"end":{"line":80,"column":38}}],"line":80},"12":{"loc":{"start":{"line":84,"column":19},"end":{"line":84,"column":40}},"type":"binary-expr","locations":[{"start":{"line":84,"column":19},"end":{"line":84,"column":33}},{"start":{"line":84,"column":37},"end":{"line":84,"column":40}}],"line":84},"13":{"loc":{"start":{"line":85,"column":16},"end":{"line":85,"column":54}},"type":"binary-expr","locations":[{"start":{"line":85,"column":16},"end":{"line":85,"column":27}},{"start":{"line":85,"column":31},"end":{"line":85,"column":54}}],"line":85},"14":{"loc":{"start":{"line":86,"column":18},"end":{"line":86,"column":32}},"type":"binary-expr","locations":[{"start":{"line":86,"column":18},"end":{"line":86,"column":26}},{"start":{"line":86,"column":30},"end":{"line":86,"column":32}}],"line":86},"15":{"loc":{"start":{"line":89,"column":2},"end":{"line":101,"column":3}},"type":"if","locations":[{"start":{"line":89,"column":2},"end":{"line":101,"column":3}},{"start":{"line":98,"column":9},"end":{"line":101,"column":3}}],"line":89},"16":{"loc":{"start":{"line":89,"column":6},"end":{"line":89,"column":94}},"type":"binary-expr","locations":[{"start":{"line":89,"column":6},"end":{"line":89,"column":45}},{"start":{"line":89,"column":49},"end":{"line":89,"column":94}}],"line":89},"17":{"loc":{"start":{"line":98,"column":9},"end":{"line":101,"column":3}},"type":"if","locations":[{"start":{"line":98,"column":9},"end":{"line":101,"column":3}},{"start":{},"end":{}}],"line":98},"18":{"loc":{"start":{"line":98,"column":13},"end":{"line":98,"column":81}},"type":"binary-expr","locations":[{"start":{"line":98,"column":13},"end":{"line":98,"column":45}},{"start":{"line":98,"column":49},"end":{"line":98,"column":81}}],"line":98},"19":{"loc":{"start":{"line":108,"column":10},"end":{"line":108,"column":69}},"type":"binary-expr","locations":[{"start":{"line":108,"column":10},"end":{"line":108,"column":43}},{"start":{"line":108,"column":47},"end":{"line":108,"column":69}}],"line":108},"20":{"loc":{"start":{"line":109,"column":10},"end":{"line":109,"column":72}},"type":"binary-expr","locations":[{"start":{"line":109,"column":10},"end":{"line":109,"column":48}},{"start":{"line":109,"column":52},"end":{"line":109,"column":72}}],"line":109}},"s":{"0":4,"1":15,"2":15,"3":15,"4":15,"5":15,"6":6,"7":2,"8":6,"9":0,"10":1,"11":4,"12":0,"13":0,"14":0,"15":0,"16":0,"17":0,"18":0,"19":0,"20":0,"21":0,"22":0,"23":0,"24":0,"25":4},"f":{"0":15,"1":6,"2":2,"3":6,"4":0,"5":1,"6":0,"7":0},"b":{"0":[0],"1":[0],"2":[6],"3":[0],"4":[2],"5":[0],"6":[6],"7":[0],"8":[0],"9":[0],"10":[1],"11":[0,0],"12":[0,0],"13":[0,0],"14":[0,0],"15":[0,0],"16":[0,0],"17":[0,0],"18":[0,0],"19":[0,0],"20":[0,0]},"inputSourceMap":null,"_coverageSchema":"1a1c01bbd47fc00a2c39e90264f33305004495a9","hash":"d7156d517a6e3a086aaf255812d29e37048cb42c"}
,"/home/anil/Dr.Assistant/doc_assistant/backend/auth_service/src/utils/jwt.js": {"path":"/home/anil/Dr.Assistant/doc_assistant/backend/auth_service/src/utils/jwt.js","statementMap":{"0":{"start":{"line":1,"column":12},"end":{"line":1,"column":35}},"1":{"start":{"line":2,"column":15},"end":{"line":2,"column":32}},"2":{"start":{"line":3,"column":23},"end":{"line":3,"column":38}},"3":{"start":{"line":4,"column":18},"end":{"line":4,"column":38}},"4":{"start":{"line":5,"column":32},"end":{"line":5,"column":58}},"5":{"start":{"line":6,"column":19},"end":{"line":6,"column":38}},"6":{"start":{"line":15,"column":22},"end":{"line":17,"column":1}},"7":{"start":{"line":16,"column":2},"end":{"line":16,"column":44}},"8":{"start":{"line":25,"column":20},"end":{"line":38,"column":1}},"9":{"start":{"line":26,"column":2},"end":{"line":37,"column":3}},"10":{"start":{"line":28,"column":22},"end":{"line":28,"column":95}},"11":{"start":{"line":31,"column":4},"end":{"line":31,"column":102}},"12":{"start":{"line":33,"column":4},"end":{"line":33,"column":40}},"13":{"start":{"line":35,"column":4},"end":{"line":35,"column":64}},"14":{"start":{"line":36,"column":4},"end":{"line":36,"column":51}},"15":{"start":{"line":45,"column":28},"end":{"line":65,"column":1}},"16":{"start":{"line":46,"column":18},"end":{"line":52,"column":3}},"17":{"start":{"line":55,"column":17},"end":{"line":55,"column":80}},"18":{"start":{"line":58,"column":2},"end":{"line":58,"column":86}},"19":{"start":{"line":60,"column":2},"end":{"line":64,"column":4}},"20":{"start":{"line":75,"column":29},"end":{"line":105,"column":1}},"21":{"start":{"line":77,"column":23},"end":{"line":77,"column":61}},"22":{"start":{"line":80,"column":20},"end":{"line":80,"column":64}},"23":{"start":{"line":81,"column":22},"end":{"line":81,"column":35}},"24":{"start":{"line":82,"column":18},"end":{"line":82,"column":52}},"25":{"start":{"line":85,"column":17},"end":{"line":85,"column":40}},"26":{"start":{"line":88,"column":19},"end":{"line":97,"column":4}},"27":{"start":{"line":99,"column":2},"end":{"line":104,"column":4}},"28":{"start":{"line":114,"column":27},"end":{"line":146,"column":1}},"29":{"start":{"line":116,"column":19},"end":{"line":116,"column":94}},"30":{"start":{"line":118,"column":2},"end":{"line":120,"column":3}},"31":{"start":{"line":119,"column":4},"end":{"line":119,"column":59}},"32":{"start":{"line":123,"column":2},"end":{"line":125,"column":3}},"33":{"start":{"line":124,"column":4},"end":{"line":124,"column":59}},"34":{"start":{"line":128,"column":2},"end":{"line":136,"column":3}},"35":{"start":{"line":130,"column":4},"end":{"line":133,"column":6}},"36":{"start":{"line":135,"column":4},"end":{"line":135,"column":68}},"37":{"start":{"line":139,"column":15},"end":{"line":139,"column":39}},"38":{"start":{"line":142,"column":2},"end":{"line":142,"column":47}},"39":{"start":{"line":145,"column":2},"end":{"line":145,"column":76}},"40":{"start":{"line":153,"column":28},"end":{"line":160,"column":1}},"41":{"start":{"line":154,"column":17},"end":{"line":157,"column":3}},"42":{"start":{"line":159,"column":2},"end":{"line":159,"column":19}},"43":{"start":{"line":167,"column":27},"end":{"line":174,"column":1}},"44":{"start":{"line":168,"column":17},"end":{"line":171,"column":3}},"45":{"start":{"line":173,"column":2},"end":{"line":173,"column":23}},"46":{"start":{"line":182,"column":16},"end":{"line":182,"column":46}},"47":{"start":{"line":183,"column":2},"end":{"line":183,"column":23}},"48":{"start":{"line":183,"column":14},"end":{"line":183,"column":23}},"49":{"start":{"line":185,"column":14},"end":{"line":185,"column":32}},"50":{"start":{"line":186,"column":15},"end":{"line":186,"column":23}},"51":{"start":{"line":188,"column":2},"end":{"line":196,"column":3}},"52":{"start":{"line":189,"column":14},"end":{"line":189,"column":32}},"53":{"start":{"line":190,"column":14},"end":{"line":190,"column":37}},"54":{"start":{"line":191,"column":14},"end":{"line":191,"column":42}},"55":{"start":{"line":192,"column":14},"end":{"line":192,"column":47}},"56":{"start":{"line":193,"column":14},"end":{"line":193,"column":51}},"57":{"start":{"line":194,"column":14},"end":{"line":194,"column":53}},"58":{"start":{"line":195,"column":13},"end":{"line":195,"column":22}},"59":{"start":{"line":199,"column":0},"end":{"line":208,"column":2}}},"fnMap":{"0":{"name":"(anonymous_0)","decl":{"start":{"line":15,"column":22},"end":{"line":15,"column":23}},"loc":{"start":{"line":15,"column":52},"end":{"line":17,"column":1}},"line":15},"1":{"name":"(anonymous_1)","decl":{"start":{"line":25,"column":20},"end":{"line":25,"column":21}},"loc":{"start":{"line":25,"column":39},"end":{"line":38,"column":1}},"line":25},"2":{"name":"(anonymous_2)","decl":{"start":{"line":45,"column":28},"end":{"line":45,"column":29}},"loc":{"start":{"line":45,"column":38},"end":{"line":65,"column":1}},"line":45},"3":{"name":"(anonymous_3)","decl":{"start":{"line":75,"column":29},"end":{"line":75,"column":30}},"loc":{"start":{"line":75,"column":100},"end":{"line":105,"column":1}},"line":75},"4":{"name":"(anonymous_4)","decl":{"start":{"line":114,"column":27},"end":{"line":114,"column":28}},"loc":{"start":{"line":114,"column":89},"end":{"line":146,"column":1}},"line":114},"5":{"name":"(anonymous_5)","decl":{"start":{"line":153,"column":28},"end":{"line":153,"column":29}},"loc":{"start":{"line":153,"column":46},"end":{"line":160,"column":1}},"line":153},"6":{"name":"(anonymous_6)","decl":{"start":{"line":167,"column":27},"end":{"line":167,"column":28}},"loc":{"start":{"line":167,"column":44},"end":{"line":174,"column":1}},"line":167},"7":{"name":"ms","decl":{"start":{"line":181,"column":9},"end":{"line":181,"column":11}},"loc":{"start":{"line":181,"column":17},"end":{"line":197,"column":1}},"line":181}},"branchMap":{"0":{"loc":{"start":{"line":28,"column":22},"end":{"line":28,"column":95}},"type":"binary-expr","locations":[{"start":{"line":28,"column":22},"end":{"line":28,"column":28}},{"start":{"line":28,"column":32},"end":{"line":28,"column":54}},{"start":{"line":28,"column":58},"end":{"line":28,"column":95}}],"line":28},"1":{"loc":{"start":{"line":31,"column":49},"end":{"line":31,"column":98}},"type":"cond-expr","locations":[{"start":{"line":31,"column":61},"end":{"line":31,"column":76}},{"start":{"line":31,"column":79},"end":{"line":31,"column":98}}],"line":31},"2":{"loc":{"start":{"line":55,"column":17},"end":{"line":55,"column":80}},"type":"binary-expr","locations":[{"start":{"line":55,"column":17},"end":{"line":55,"column":39}},{"start":{"line":55,"column":43},"end":{"line":55,"column":80}}],"line":55},"3":{"loc":{"start":{"line":58,"column":36},"end":{"line":58,"column":82}},"type":"cond-expr","locations":[{"start":{"line":58,"column":45},"end":{"line":58,"column":60}},{"start":{"line":58,"column":63},"end":{"line":58,"column":82}}],"line":58},"4":{"loc":{"start":{"line":63,"column":17},"end":{"line":63,"column":52}},"type":"binary-expr","locations":[{"start":{"line":63,"column":17},"end":{"line":63,"column":43}},{"start":{"line":63,"column":47},"end":{"line":63,"column":52}}],"line":63},"5":{"loc":{"start":{"line":75,"column":42},"end":{"line":75,"column":60}},"type":"default-arg","locations":[{"start":{"line":75,"column":56},"end":{"line":75,"column":60}}],"line":75},"6":{"loc":{"start":{"line":75,"column":62},"end":{"line":75,"column":77}},"type":"default-arg","locations":[{"start":{"line":75,"column":75},"end":{"line":75,"column":77}}],"line":75},"7":{"loc":{"start":{"line":75,"column":79},"end":{"line":75,"column":95}},"type":"default-arg","locations":[{"start":{"line":75,"column":91},"end":{"line":75,"column":95}}],"line":75},"8":{"loc":{"start":{"line":80,"column":20},"end":{"line":80,"column":64}},"type":"binary-expr","locations":[{"start":{"line":80,"column":20},"end":{"line":80,"column":56}},{"start":{"line":80,"column":60},"end":{"line":80,"column":64}}],"line":80},"9":{"loc":{"start":{"line":85,"column":17},"end":{"line":85,"column":40}},"type":"binary-expr","locations":[{"start":{"line":85,"column":17},"end":{"line":85,"column":28}},{"start":{"line":85,"column":32},"end":{"line":85,"column":40}}],"line":85},"10":{"loc":{"start":{"line":114,"column":51},"end":{"line":114,"column":66}},"type":"default-arg","locations":[{"start":{"line":114,"column":64},"end":{"line":114,"column":66}}],"line":114},"11":{"loc":{"start":{"line":114,"column":68},"end":{"line":114,"column":84}},"type":"default-arg","locations":[{"start":{"line":114,"column":80},"end":{"line":114,"column":84}}],"line":114},"12":{"loc":{"start":{"line":118,"column":2},"end":{"line":120,"column":3}},"type":"if","locations":[{"start":{"line":118,"column":2},"end":{"line":120,"column":3}},{"start":{},"end":{}}],"line":118},"13":{"loc":{"start":{"line":123,"column":2},"end":{"line":125,"column":3}},"type":"if","locations":[{"start":{"line":123,"column":2},"end":{"line":125,"column":3}},{"start":{},"end":{}}],"line":123},"14":{"loc":{"start":{"line":128,"column":2},"end":{"line":136,"column":3}},"type":"if","locations":[{"start":{"line":128,"column":2},"end":{"line":136,"column":3}},{"start":{},"end":{}}],"line":128},"15":{"loc":{"start":{"line":183,"column":2},"end":{"line":183,"column":23}},"type":"if","locations":[{"start":{"line":183,"column":2},"end":{"line":183,"column":23}},{"start":{},"end":{}}],"line":183},"16":{"loc":{"start":{"line":188,"column":2},"end":{"line":196,"column":3}},"type":"switch","locations":[{"start":{"line":189,"column":4},"end":{"line":189,"column":32}},{"start":{"line":190,"column":4},"end":{"line":190,"column":37}},{"start":{"line":191,"column":4},"end":{"line":191,"column":42}},{"start":{"line":192,"column":4},"end":{"line":192,"column":47}},{"start":{"line":193,"column":4},"end":{"line":193,"column":51}},{"start":{"line":194,"column":4},"end":{"line":194,"column":53}},{"start":{"line":195,"column":4},"end":{"line":195,"column":22}}],"line":188}},"s":{"0":3,"1":3,"2":3,"3":3,"4":3,"5":3,"6":3,"7":2,"8":3,"9":2,"10":2,"11":2,"12":2,"13":1,"14":1,"15":3,"16":1,"17":1,"18":1,"19":1,"20":3,"21":0,"22":0,"23":0,"24":0,"25":0,"26":0,"27":0,"28":3,"29":2,"30":2,"31":0,"32":2,"33":1,"34":1,"35":1,"36":1,"37":0,"38":0,"39":0,"40":3,"41":0,"42":0,"43":3,"44":0,"45":0,"46":0,"47":0,"48":0,"49":0,"50":0,"51":0,"52":0,"53":0,"54":0,"55":0,"56":0,"57":0,"58":0,"59":3},"f":{"0":2,"1":2,"2":1,"3":0,"4":2,"5":0,"6":0,"7":0},"b":{"0":[2,0,0],"1":[2,0],"2":[1,0],"3":[1,0],"4":[1,0],"5":[0],"6":[0],"7":[0],"8":[0,0],"9":[0,0],"10":[2],"11":[2],"12":[0,2],"13":[1,1],"14":[1,0],"15":[0,0],"16":[0,0,0,0,0,0,0]},"inputSourceMap":null,"_coverageSchema":"1a1c01bbd47fc00a2c39e90264f33305004495a9","hash":"b7ce3c682d64507d0a59fd2df9e77ce30cf1eae3"}
,"/home/anil/Dr.Assistant/doc_assistant/backend/auth_service/src/utils/mfa.js": {"path":"/home/anil/Dr.Assistant/doc_assistant/backend/auth_service/src/utils/mfa.js","statementMap":{"0":{"start":{"line":1,"column":18},"end":{"line":1,"column":38}},"1":{"start":{"line":2,"column":15},"end":{"line":2,"column":32}},"2":{"start":{"line":3,"column":15},"end":{"line":3,"column":32}},"3":{"start":{"line":10,"column":27},"end":{"line":16,"column":1}},"4":{"start":{"line":11,"column":2},"end":{"line":15,"column":5}},"5":{"start":{"line":23,"column":27},"end":{"line":25,"column":1}},"6":{"start":{"line":24,"column":2},"end":{"line":24,"column":46}},"7":{"start":{"line":33,"column":19},"end":{"line":40,"column":1}},"8":{"start":{"line":34,"column":2},"end":{"line":39,"column":5}},"9":{"start":{"line":48,"column":28},"end":{"line":65,"column":1}},"10":{"start":{"line":49,"column":16},"end":{"line":49,"column":18}},"11":{"start":{"line":51,"column":2},"end":{"line":62,"column":3}},"12":{"start":{"line":51,"column":15},"end":{"line":51,"column":16}},"13":{"start":{"line":53,"column":17},"end":{"line":56,"column":20}},"14":{"start":{"line":59,"column":26},"end":{"line":59,"column":64}},"15":{"start":{"line":61,"column":4},"end":{"line":61,"column":30}},"16":{"start":{"line":64,"column":2},"end":{"line":64,"column":15}},"17":{"start":{"line":73,"column":25},"end":{"line":83,"column":1}},"18":{"start":{"line":75,"column":25},"end":{"line":75,"column":61}},"19":{"start":{"line":78,"column":21},"end":{"line":80,"column":3}},"20":{"start":{"line":79,"column":4},"end":{"line":79,"column":60}},"21":{"start":{"line":82,"column":2},"end":{"line":82,"column":28}},"22":{"start":{"line":85,"column":0},"end":{"line":91,"column":2}}},"fnMap":{"0":{"name":"(anonymous_0)","decl":{"start":{"line":10,"column":27},"end":{"line":10,"column":28}},"loc":{"start":{"line":10,"column":41},"end":{"line":16,"column":1}},"line":10},"1":{"name":"(anonymous_1)","decl":{"start":{"line":23,"column":27},"end":{"line":23,"column":28}},"loc":{"start":{"line":23,"column":45},"end":{"line":25,"column":1}},"line":23},"2":{"name":"(anonymous_2)","decl":{"start":{"line":33,"column":19},"end":{"line":33,"column":20}},"loc":{"start":{"line":33,"column":38},"end":{"line":40,"column":1}},"line":33},"3":{"name":"(anonymous_3)","decl":{"start":{"line":48,"column":28},"end":{"line":48,"column":29}},"loc":{"start":{"line":48,"column":56},"end":{"line":65,"column":1}},"line":48},"4":{"name":"(anonymous_4)","decl":{"start":{"line":73,"column":25},"end":{"line":73,"column":26}},"loc":{"start":{"line":73,"column":48},"end":{"line":83,"column":1}},"line":73},"5":{"name":"(anonymous_5)","decl":{"start":{"line":78,"column":38},"end":{"line":78,"column":39}},"loc":{"start":{"line":79,"column":4},"end":{"line":79,"column":60}},"line":79}},"branchMap":{"0":{"loc":{"start":{"line":48,"column":29},"end":{"line":48,"column":39}},"type":"default-arg","locations":[{"start":{"line":48,"column":37},"end":{"line":48,"column":39}}],"line":48},"1":{"loc":{"start":{"line":48,"column":41},"end":{"line":48,"column":51}},"type":"default-arg","locations":[{"start":{"line":48,"column":50},"end":{"line":48,"column":51}}],"line":48},"2":{"loc":{"start":{"line":79,"column":4},"end":{"line":79,"column":60}},"type":"binary-expr","locations":[{"start":{"line":79,"column":4},"end":{"line":79,"column":48}},{"start":{"line":79,"column":52},"end":{"line":79,"column":60}}],"line":79},"3":{"loc":{"start":{"line":82,"column":9},"end":{"line":82,"column":27}},"type":"binary-expr","locations":[{"start":{"line":82,"column":9},"end":{"line":82,"column":19}},{"start":{"line":82,"column":23},"end":{"line":82,"column":27}}],"line":82}},"s":{"0":2,"1":2,"2":2,"3":2,"4":1,"5":2,"6":1,"7":2,"8":2,"9":2,"10":0,"11":0,"12":0,"13":0,"14":0,"15":0,"16":0,"17":2,"18":4,"19":4,"20":10,"21":4,"22":2},"f":{"0":1,"1":1,"2":2,"3":0,"4":4,"5":10},"b":{"0":[0],"1":[0],"2":[10,3],"3":[4,2]},"inputSourceMap":null,"_coverageSchema":"1a1c01bbd47fc00a2c39e90264f33305004495a9","hash":"a817a41bf008e68c807fae85b3171d111776a5b3"}
,"/home/anil/Dr.Assistant/doc_assistant/backend/auth_service/src/utils/password.js": {"path":"/home/anil/Dr.Assistant/doc_assistant/backend/auth_service/src/utils/password.js","statementMap":{"0":{"start":{"line":1,"column":15},"end":{"line":1,"column":32}},"1":{"start":{"line":2,"column":15},"end":{"line":2,"column":32}},"2":{"start":{"line":3,"column":28},"end":{"line":3,"column":54}},"3":{"start":{"line":10,"column":21},"end":{"line":13,"column":1}},"4":{"start":{"line":11,"column":15},"end":{"line":11,"column":39}},"5":{"start":{"line":12,"column":2},"end":{"line":12,"column":37}},"6":{"start":{"line":21,"column":24},"end":{"line":23,"column":1}},"7":{"start":{"line":22,"column":2},"end":{"line":22,"column":40}},"8":{"start":{"line":31,"column":33},"end":{"line":78,"column":1}},"9":{"start":{"line":33,"column":2},"end":{"line":35,"column":3}},"10":{"start":{"line":34,"column":4},"end":{"line":34,"column":78}},"11":{"start":{"line":38,"column":2},"end":{"line":40,"column":3}},"12":{"start":{"line":39,"column":4},"end":{"line":39,"column":85}},"13":{"start":{"line":42,"column":2},"end":{"line":44,"column":3}},"14":{"start":{"line":43,"column":4},"end":{"line":43,"column":85}},"15":{"start":{"line":46,"column":2},"end":{"line":48,"column":3}},"16":{"start":{"line":47,"column":4},"end":{"line":47,"column":75}},"17":{"start":{"line":50,"column":2},"end":{"line":52,"column":3}},"18":{"start":{"line":51,"column":4},"end":{"line":51,"column":86}},"19":{"start":{"line":55,"column":21},"end":{"line":55,"column":23}},"20":{"start":{"line":56,"column":2},"end":{"line":56,"column":60}},"21":{"start":{"line":56,"column":25},"end":{"line":56,"column":60}},"22":{"start":{"line":57,"column":2},"end":{"line":57,"column":54}},"23":{"start":{"line":57,"column":22},"end":{"line":57,"column":54}},"24":{"start":{"line":58,"column":2},"end":{"line":61,"column":3}},"25":{"start":{"line":59,"column":4},"end":{"line":59,"column":40}},"26":{"start":{"line":60,"column":4},"end":{"line":60,"column":75}},"27":{"start":{"line":60,"column":52},"end":{"line":60,"column":73}},"28":{"start":{"line":63,"column":17},"end":{"line":63,"column":45}},"29":{"start":{"line":66,"column":2},"end":{"line":72,"column":3}},"30":{"start":{"line":67,"column":4},"end":{"line":71,"column":6}},"31":{"start":{"line":74,"column":2},"end":{"line":77,"column":4}},"32":{"start":{"line":84,"column":31},"end":{"line":102,"column":1}},"33":{"start":{"line":85,"column":17},"end":{"line":85,"column":19}},"34":{"start":{"line":86,"column":18},"end":{"line":86,"column":96}},"35":{"start":{"line":87,"column":17},"end":{"line":87,"column":19}},"36":{"start":{"line":90,"column":2},"end":{"line":90,"column":58}},"37":{"start":{"line":91,"column":2},"end":{"line":91,"column":58}},"38":{"start":{"line":92,"column":2},"end":{"line":92,"column":42}},"39":{"start":{"line":93,"column":2},"end":{"line":93,"column":46}},"40":{"start":{"line":96,"column":2},"end":{"line":98,"column":3}},"41":{"start":{"line":96,"column":15},"end":{"line":96,"column":30}},"42":{"start":{"line":97,"column":4},"end":{"line":97,"column":75}},"43":{"start":{"line":101,"column":2},"end":{"line":101,"column":69}},"44":{"start":{"line":101,"column":39},"end":{"line":101,"column":58}},"45":{"start":{"line":109,"column":22},"end":{"line":111,"column":1}},"46":{"start":{"line":110,"column":2},"end":{"line":110,"column":68}},"47":{"start":{"line":113,"column":0},"end":{"line":118,"column":2}}},"fnMap":{"0":{"name":"(anonymous_0)","decl":{"start":{"line":10,"column":21},"end":{"line":10,"column":22}},"loc":{"start":{"line":10,"column":41},"end":{"line":13,"column":1}},"line":10},"1":{"name":"(anonymous_1)","decl":{"start":{"line":21,"column":24},"end":{"line":21,"column":25}},"loc":{"start":{"line":21,"column":50},"end":{"line":23,"column":1}},"line":21},"2":{"name":"(anonymous_2)","decl":{"start":{"line":31,"column":33},"end":{"line":31,"column":34}},"loc":{"start":{"line":31,"column":62},"end":{"line":78,"column":1}},"line":31},"3":{"name":"(anonymous_3)","decl":{"start":{"line":60,"column":44},"end":{"line":60,"column":45}},"loc":{"start":{"line":60,"column":52},"end":{"line":60,"column":73}},"line":60},"4":{"name":"(anonymous_4)","decl":{"start":{"line":84,"column":31},"end":{"line":84,"column":32}},"loc":{"start":{"line":84,"column":37},"end":{"line":102,"column":1}},"line":84},"5":{"name":"(anonymous_5)","decl":{"start":{"line":101,"column":33},"end":{"line":101,"column":34}},"loc":{"start":{"line":101,"column":39},"end":{"line":101,"column":58}},"line":101},"6":{"name":"(anonymous_6)","decl":{"start":{"line":109,"column":22},"end":{"line":109,"column":23}},"loc":{"start":{"line":109,"column":35},"end":{"line":111,"column":1}},"line":109}},"branchMap":{"0":{"loc":{"start":{"line":31,"column":44},"end":{"line":31,"column":57}},"type":"default-arg","locations":[{"start":{"line":31,"column":55},"end":{"line":31,"column":57}}],"line":31},"1":{"loc":{"start":{"line":33,"column":2},"end":{"line":35,"column":3}},"type":"if","locations":[{"start":{"line":33,"column":2},"end":{"line":35,"column":3}},{"start":{},"end":{}}],"line":33},"2":{"loc":{"start":{"line":33,"column":6},"end":{"line":33,"column":39}},"type":"binary-expr","locations":[{"start":{"line":33,"column":6},"end":{"line":33,"column":15}},{"start":{"line":33,"column":19},"end":{"line":33,"column":39}}],"line":33},"3":{"loc":{"start":{"line":38,"column":2},"end":{"line":40,"column":3}},"type":"if","locations":[{"start":{"line":38,"column":2},"end":{"line":40,"column":3}},{"start":{},"end":{}}],"line":38},"4":{"loc":{"start":{"line":42,"column":2},"end":{"line":44,"column":3}},"type":"if","locations":[{"start":{"line":42,"column":2},"end":{"line":44,"column":3}},{"start":{},"end":{}}],"line":42},"5":{"loc":{"start":{"line":46,"column":2},"end":{"line":48,"column":3}},"type":"if","locations":[{"start":{"line":46,"column":2},"end":{"line":48,"column":3}},{"start":{},"end":{}}],"line":46},"6":{"loc":{"start":{"line":50,"column":2},"end":{"line":52,"column":3}},"type":"if","locations":[{"start":{"line":50,"column":2},"end":{"line":52,"column":3}},{"start":{},"end":{}}],"line":50},"7":{"loc":{"start":{"line":56,"column":2},"end":{"line":56,"column":60}},"type":"if","locations":[{"start":{"line":56,"column":2},"end":{"line":56,"column":60}},{"start":{},"end":{}}],"line":56},"8":{"loc":{"start":{"line":57,"column":2},"end":{"line":57,"column":54}},"type":"if","locations":[{"start":{"line":57,"column":2},"end":{"line":57,"column":54}},{"start":{},"end":{}}],"line":57},"9":{"loc":{"start":{"line":58,"column":2},"end":{"line":61,"column":3}},"type":"if","locations":[{"start":{"line":58,"column":2},"end":{"line":61,"column":3}},{"start":{},"end":{}}],"line":58},"10":{"loc":{"start":{"line":66,"column":2},"end":{"line":72,"column":3}},"type":"if","locations":[{"start":{"line":66,"column":2},"end":{"line":72,"column":3}},{"start":{},"end":{}}],"line":66},"11":{"loc":{"start":{"line":69,"column":7},"end":{"line":69,"column":68}},"type":"cond-expr","locations":[{"start":{"line":69,"column":33},"end":{"line":69,"column":63}},{"start":{"line":69,"column":66},"end":{"line":69,"column":68}}],"line":69},"12":{"loc":{"start":{"line":70,"column":7},"end":{"line":70,"column":80}},"type":"cond-expr","locations":[{"start":{"line":70,"column":37},"end":{"line":70,"column":75}},{"start":{"line":70,"column":78},"end":{"line":70,"column":80}}],"line":70}},"s":{"0":2,"1":2,"2":2,"3":2,"4":1,"5":1,"6":2,"7":2,"8":2,"9":8,"10":1,"11":7,"12":1,"13":6,"14":1,"15":5,"16":1,"17":4,"18":1,"19":3,"20":3,"21":3,"22":3,"23":2,"24":3,"25":2,"26":2,"27":4,"28":3,"29":3,"30":1,"31":2,"32":2,"33":1,"34":1,"35":1,"36":1,"37":1,"38":1,"39":1,"40":1,"41":1,"42":12,"43":1,"44":39,"45":2,"46":4,"47":2},"f":{"0":1,"1":2,"2":8,"3":4,"4":1,"5":39,"6":4},"b":{"0":[5],"1":[1,7],"2":[8,8],"3":[1,6],"4":[1,5],"5":[1,4],"6":[1,3],"7":[3,0],"8":[2,1],"9":[2,1],"10":[1,2],"11":[1,0],"12":[1,0]},"inputSourceMap":null,"_coverageSchema":"1a1c01bbd47fc00a2c39e90264f33305004495a9","hash":"75d12a2e6b7eb121497643fbc6c8298867f1b01c"}
}
