TN:
SF:src/middleware/auth.middleware.js
FN:12,(anonymous_0)
FN:52,(anonymous_1)
FN:53,(anonymous_2)
FN:66,(anonymous_3)
FN:98,(anonymous_4)
FN:99,(anonymous_5)
FN:106,(anonymous_6)
FN:151,(anonymous_7)
FN:152,(anonymous_8)
FN:159,(anonymous_9)
FNF:10
FNH:7
FNDA:1,(anonymous_0)
FNDA:0,(anonymous_1)
FNDA:0,(anonymous_2)
FNDA:0,(anonymous_3)
FNDA:3,(anonymous_4)
FNDA:3,(anonymous_5)
FNDA:3,(anonymous_6)
FNDA:3,(anonymous_7)
FNDA:3,(anonymous_8)
FNDA:4,(anonymous_9)
DA:1,1
DA:2,1
DA:3,1
DA:4,1
DA:12,1
DA:13,1
DA:15,1
DA:16,1
DA:17,1
DA:20,0
DA:23,0
DA:26,0
DA:27,0
DA:31,0
DA:42,0
DA:43,0
DA:47,0
DA:48,0
DA:52,0
DA:53,0
DA:54,0
DA:56,0
DA:60,0
DA:66,0
DA:71,0
DA:73,1
DA:75,1
DA:76,1
DA:84,0
DA:98,1
DA:99,3
DA:100,3
DA:101,3
DA:102,1
DA:106,2
DA:107,3
DA:110,2
DA:111,1
DA:114,1
DA:116,2
DA:118,2
DA:119,1
DA:127,1
DA:128,1
DA:136,0
DA:151,1
DA:152,3
DA:153,3
DA:154,3
DA:155,1
DA:159,2
DA:160,4
DA:163,2
DA:164,1
DA:167,1
DA:169,2
DA:171,2
DA:172,1
DA:180,1
DA:181,1
DA:189,0
DA:199,1
LF:62
LH:43
BRDA:16,0,0,1
BRDA:16,0,1,0
BRDA:16,1,0,1
BRDA:16,1,1,0
BRDA:26,2,0,0
BRDA:26,2,1,0
BRDA:42,3,0,0
BRDA:42,3,1,0
BRDA:47,4,0,0
BRDA:47,4,1,0
BRDA:75,5,0,1
BRDA:75,5,1,0
BRDA:101,6,0,1
BRDA:101,6,1,2
BRDA:107,7,0,3
BRDA:107,7,1,2
BRDA:110,8,0,1
BRDA:110,8,1,1
BRDA:118,9,0,1
BRDA:118,9,1,1
BRDA:127,10,0,1
BRDA:127,10,1,0
BRDA:154,11,0,1
BRDA:154,11,1,2
BRDA:163,12,0,1
BRDA:163,12,1,1
BRDA:171,13,0,1
BRDA:171,13,1,1
BRDA:180,14,0,1
BRDA:180,14,1,0
BRF:30
BRH:19
end_of_record
TN:
SF:src/services/auth.service.js
FN:27,ms
FN:57,(anonymous_1)
FN:140,(anonymous_2)
FN:219,(anonymous_3)
FN:220,(anonymous_4)
FN:235,(anonymous_5)
FN:261,(anonymous_6)
FN:285,(anonymous_7)
FN:318,(anonymous_8)
FN:319,(anonymous_9)
FN:334,(anonymous_10)
FN:359,(anonymous_11)
FN:401,(anonymous_12)
FN:415,(anonymous_13)
FN:432,(anonymous_14)
FN:445,(anonymous_15)
FN:462,(anonymous_16)
FN:472,(anonymous_17)
FN:508,(anonymous_18)
FN:552,(anonymous_19)
FN:569,(anonymous_20)
FN:570,(anonymous_21)
FN:588,(anonymous_22)
FNF:23
FNH:1
FNDA:0,ms
FNDA:1,(anonymous_1)
FNDA:0,(anonymous_2)
FNDA:0,(anonymous_3)
FNDA:0,(anonymous_4)
FNDA:0,(anonymous_5)
FNDA:0,(anonymous_6)
FNDA:0,(anonymous_7)
FNDA:0,(anonymous_8)
FNDA:0,(anonymous_9)
FNDA:0,(anonymous_10)
FNDA:0,(anonymous_11)
FNDA:0,(anonymous_12)
FNDA:0,(anonymous_13)
FNDA:0,(anonymous_14)
FNDA:0,(anonymous_15)
FNDA:0,(anonymous_16)
FNDA:0,(anonymous_17)
FNDA:0,(anonymous_18)
FNDA:0,(anonymous_19)
FNDA:0,(anonymous_20)
FNDA:0,(anonymous_21)
FNDA:0,(anonymous_22)
DA:1,1
DA:2,1
DA:3,1
DA:12,1
DA:13,1
DA:14,1
DA:20,1
DA:28,0
DA:29,0
DA:31,0
DA:32,0
DA:34,0
DA:35,0
DA:36,0
DA:37,0
DA:38,0
DA:39,0
DA:40,0
DA:41,0
DA:57,1
DA:58,1
DA:61,1
DA:64,1
DA:73,1
DA:74,1
DA:82,0
DA:85,0
DA:98,0
DA:99,0
DA:100,0
DA:104,0
DA:105,0
DA:108,0
DA:140,1
DA:141,0
DA:144,0
DA:153,0
DA:155,0
DA:159,0
DA:160,0
DA:161,0
DA:165,0
DA:166,0
DA:168,0
DA:171,0
DA:172,0
DA:173,0
DA:174,0
DA:175,0
DA:178,0
DA:179,0
DA:183,0
DA:186,0
DA:187,0
DA:190,0
DA:191,0
DA:203,0
DA:204,0
DA:212,0
DA:219,0
DA:220,0
DA:221,0
DA:223,0
DA:227,0
DA:235,0
DA:261,1
DA:262,0
DA:265,0
DA:266,0
DA:267,0
DA:271,0
DA:272,0
DA:276,0
DA:279,0
DA:280,0
DA:281,0
DA:283,0
DA:285,0
DA:286,0
DA:287,0
DA:289,0
DA:292,0
DA:293,0
DA:297,0
DA:298,0
DA:302,0
DA:303,0
DA:311,0
DA:318,0
DA:319,0
DA:320,0
DA:322,0
DA:326,0
DA:334,0
DA:359,1
DA:360,0
DA:363,0
DA:370,0
DA:374,0
DA:375,0
DA:376,0
DA:380,0
DA:382,0
DA:401,1
DA:402,0
DA:405,0
DA:407,0
DA:415,1
DA:416,0
DA:419,0
DA:421,0
DA:432,1
DA:433,0
DA:436,0
DA:437,0
DA:438,0
DA:442,0
DA:445,0
DA:452,0
DA:455,0
DA:456,0
DA:457,0
DA:459,0
DA:462,0
DA:472,1
DA:473,0
DA:476,0
DA:477,0
DA:478,0
DA:482,0
DA:483,0
DA:487,0
DA:488,0
DA:489,0
DA:493,0
DA:494,0
DA:496,0
DA:508,1
DA:509,0
DA:512,0
DA:513,0
DA:514,0
DA:518,0
DA:519,0
DA:523,0
DA:526,0
DA:527,0
DA:528,0
DA:531,0
DA:532,0
DA:536,0
DA:537,0
DA:538,0
DA:539,0
DA:541,0
DA:552,1
DA:553,0
DA:564,0
DA:565,0
DA:569,0
DA:570,0
DA:571,0
DA:573,0
DA:576,0
DA:588,0
LF:165
LH:22
BRDA:29,0,0,0
BRDA:29,0,1,0
BRDA:34,1,0,0
BRDA:34,1,1,0
BRDA:34,1,2,0
BRDA:34,1,3,0
BRDA:34,1,4,0
BRDA:34,1,5,0
BRDA:34,1,6,0
BRDA:73,2,0,1
BRDA:73,2,1,0
BRDA:75,3,0,1
BRDA:75,3,1,0
BRDA:90,4,0,0
BRDA:90,4,1,0
BRDA:98,5,0,0
BRDA:98,5,1,0
BRDA:99,6,0,0
BRDA:99,6,1,0
BRDA:121,7,0,0
BRDA:121,7,1,0
BRDA:140,8,0,0
BRDA:153,9,0,0
BRDA:153,9,1,0
BRDA:159,10,0,0
BRDA:159,10,1,0
BRDA:159,11,0,0
BRDA:159,11,1,0
BRDA:166,12,0,0
BRDA:166,12,1,0
BRDA:171,13,0,0
BRDA:171,13,1,0
BRDA:190,14,0,0
BRDA:190,14,1,0
BRDA:207,15,0,0
BRDA:207,15,1,0
BRDA:242,16,0,0
BRDA:242,16,1,0
BRDA:261,17,0,0
BRDA:266,18,0,0
BRDA:266,18,1,0
BRDA:271,19,0,0
BRDA:271,19,1,0
BRDA:280,20,0,0
BRDA:280,20,1,0
BRDA:280,21,0,0
BRDA:280,21,1,0
BRDA:283,22,0,0
BRDA:283,22,1,0
BRDA:286,23,0,0
BRDA:286,23,1,0
BRDA:297,24,0,0
BRDA:297,24,1,0
BRDA:297,25,0,0
BRDA:297,25,1,0
BRDA:306,26,0,0
BRDA:306,26,1,0
BRDA:341,27,0,0
BRDA:341,27,1,0
BRDA:359,28,0,0
BRDA:365,29,0,0
BRDA:365,29,1,0
BRDA:375,30,0,0
BRDA:375,30,1,0
BRDA:386,31,0,0
BRDA:386,31,1,0
BRDA:437,32,0,0
BRDA:437,32,1,0
BRDA:477,33,0,0
BRDA:477,33,1,0
BRDA:482,34,0,0
BRDA:482,34,1,0
BRDA:488,35,0,0
BRDA:488,35,1,0
BRDA:513,36,0,0
BRDA:513,36,1,0
BRDA:518,37,0,0
BRDA:518,37,1,0
BRDA:527,38,0,0
BRDA:527,38,1,0
BRDA:527,39,0,0
BRDA:527,39,1,0
BRDA:531,40,0,0
BRDA:531,40,1,0
BRDA:531,41,0,0
BRDA:531,41,1,0
BRDA:564,42,0,0
BRDA:564,42,1,0
BRF:88
BRH:2
end_of_record
TN:
SF:src/utils/error-handler.js
FN:13,(anonymous_0)
FN:26,(anonymous_1)
FN:35,(anonymous_2)
FN:44,(anonymous_3)
FN:53,(anonymous_4)
FN:62,(anonymous_5)
FN:74,(anonymous_6)
FN:93,(anonymous_7)
FNF:8
FNH:5
FNDA:15,(anonymous_0)
FNDA:6,(anonymous_1)
FNDA:2,(anonymous_2)
FNDA:6,(anonymous_3)
FNDA:0,(anonymous_4)
FNDA:1,(anonymous_5)
FNDA:0,(anonymous_6)
FNDA:0,(anonymous_7)
DA:1,4
DA:14,15
DA:15,15
DA:16,15
DA:17,15
DA:18,15
DA:27,6
DA:36,2
DA:45,6
DA:54,0
DA:63,1
DA:74,4
DA:76,0
DA:84,0
DA:85,0
DA:86,0
DA:89,0
DA:90,0
DA:91,0
DA:92,0
DA:93,0
DA:98,0
DA:99,0
DA:100,0
DA:104,0
DA:114,4
LF:26
LH:12
BRDA:13,0,0,0
BRDA:26,1,0,0
BRDA:26,2,0,6
BRDA:35,3,0,0
BRDA:35,4,0,2
BRDA:44,5,0,0
BRDA:44,6,0,6
BRDA:53,7,0,0
BRDA:53,8,0,0
BRDA:62,9,0,0
BRDA:62,10,0,1
BRDA:80,11,0,0
BRDA:80,11,1,0
BRDA:84,12,0,0
BRDA:84,12,1,0
BRDA:85,13,0,0
BRDA:85,13,1,0
BRDA:86,14,0,0
BRDA:86,14,1,0
BRDA:89,15,0,0
BRDA:89,15,1,0
BRDA:89,16,0,0
BRDA:89,16,1,0
BRDA:98,17,0,0
BRDA:98,17,1,0
BRDA:98,18,0,0
BRDA:98,18,1,0
BRDA:108,19,0,0
BRDA:108,19,1,0
BRDA:109,20,0,0
BRDA:109,20,1,0
BRF:31
BRH:4
end_of_record
TN:
SF:src/utils/jwt.js
FN:15,(anonymous_0)
FN:25,(anonymous_1)
FN:45,(anonymous_2)
FN:75,(anonymous_3)
FN:114,(anonymous_4)
FN:153,(anonymous_5)
FN:167,(anonymous_6)
FN:181,ms
FNF:8
FNH:4
FNDA:2,(anonymous_0)
FNDA:2,(anonymous_1)
FNDA:1,(anonymous_2)
FNDA:0,(anonymous_3)
FNDA:2,(anonymous_4)
FNDA:0,(anonymous_5)
FNDA:0,(anonymous_6)
FNDA:0,ms
DA:1,3
DA:2,3
DA:3,3
DA:4,3
DA:5,3
DA:6,3
DA:15,3
DA:16,2
DA:25,3
DA:26,2
DA:28,2
DA:31,2
DA:33,2
DA:35,1
DA:36,1
DA:45,3
DA:46,1
DA:55,1
DA:58,1
DA:60,1
DA:75,3
DA:77,0
DA:80,0
DA:81,0
DA:82,0
DA:85,0
DA:88,0
DA:99,0
DA:114,3
DA:116,2
DA:118,2
DA:119,0
DA:123,2
DA:124,1
DA:128,1
DA:130,1
DA:135,1
DA:139,0
DA:142,0
DA:145,0
DA:153,3
DA:154,0
DA:159,0
DA:167,3
DA:168,0
DA:173,0
DA:182,0
DA:183,0
DA:185,0
DA:186,0
DA:188,0
DA:189,0
DA:190,0
DA:191,0
DA:192,0
DA:193,0
DA:194,0
DA:195,0
DA:199,3
LF:59
LH:32
BRDA:28,0,0,2
BRDA:28,0,1,0
BRDA:28,0,2,0
BRDA:31,1,0,2
BRDA:31,1,1,0
BRDA:55,2,0,1
BRDA:55,2,1,0
BRDA:58,3,0,1
BRDA:58,3,1,0
BRDA:63,4,0,1
BRDA:63,4,1,0
BRDA:75,5,0,0
BRDA:75,6,0,0
BRDA:75,7,0,0
BRDA:80,8,0,0
BRDA:80,8,1,0
BRDA:85,9,0,0
BRDA:85,9,1,0
BRDA:114,10,0,2
BRDA:114,11,0,2
BRDA:118,12,0,0
BRDA:118,12,1,2
BRDA:123,13,0,1
BRDA:123,13,1,1
BRDA:128,14,0,1
BRDA:128,14,1,0
BRDA:183,15,0,0
BRDA:183,15,1,0
BRDA:188,16,0,0
BRDA:188,16,1,0
BRDA:188,16,2,0
BRDA:188,16,3,0
BRDA:188,16,4,0
BRDA:188,16,5,0
BRDA:188,16,6,0
BRF:35
BRH:11
end_of_record
TN:
SF:src/utils/mfa.js
FN:10,(anonymous_0)
FN:23,(anonymous_1)
FN:33,(anonymous_2)
FN:48,(anonymous_3)
FN:73,(anonymous_4)
FN:78,(anonymous_5)
FNF:6
FNH:5
FNDA:1,(anonymous_0)
FNDA:1,(anonymous_1)
FNDA:2,(anonymous_2)
FNDA:0,(anonymous_3)
FNDA:4,(anonymous_4)
FNDA:10,(anonymous_5)
DA:1,2
DA:2,2
DA:3,2
DA:10,2
DA:11,1
DA:23,2
DA:24,1
DA:33,2
DA:34,2
DA:48,2
DA:49,0
DA:51,0
DA:53,0
DA:59,0
DA:61,0
DA:64,0
DA:73,2
DA:75,4
DA:78,4
DA:79,10
DA:82,4
DA:85,2
LF:22
LH:16
BRDA:48,0,0,0
BRDA:48,1,0,0
BRDA:79,2,0,10
BRDA:79,2,1,3
BRDA:82,3,0,4
BRDA:82,3,1,2
BRF:6
BRH:4
end_of_record
TN:
SF:src/utils/password.js
FN:10,(anonymous_0)
FN:21,(anonymous_1)
FN:31,(anonymous_2)
FN:60,(anonymous_3)
FN:84,(anonymous_4)
FN:101,(anonymous_5)
FN:109,(anonymous_6)
FNF:7
FNH:7
FNDA:1,(anonymous_0)
FNDA:2,(anonymous_1)
FNDA:8,(anonymous_2)
FNDA:4,(anonymous_3)
FNDA:1,(anonymous_4)
FNDA:39,(anonymous_5)
FNDA:4,(anonymous_6)
DA:1,2
DA:2,2
DA:3,2
DA:10,2
DA:11,1
DA:12,1
DA:21,2
DA:22,2
DA:31,2
DA:33,8
DA:34,1
DA:38,7
DA:39,1
DA:42,6
DA:43,1
DA:46,5
DA:47,1
DA:50,4
DA:51,1
DA:55,3
DA:56,3
DA:57,3
DA:58,3
DA:59,2
DA:60,4
DA:63,3
DA:66,3
DA:67,1
DA:74,2
DA:84,2
DA:85,1
DA:86,1
DA:87,1
DA:90,1
DA:91,1
DA:92,1
DA:93,1
DA:96,1
DA:97,12
DA:101,39
DA:109,2
DA:110,4
DA:113,2
LF:43
LH:43
BRDA:31,0,0,5
BRDA:33,1,0,1
BRDA:33,1,1,7
BRDA:33,2,0,8
BRDA:33,2,1,8
BRDA:38,3,0,1
BRDA:38,3,1,6
BRDA:42,4,0,1
BRDA:42,4,1,5
BRDA:46,5,0,1
BRDA:46,5,1,4
BRDA:50,6,0,1
BRDA:50,6,1,3
BRDA:56,7,0,3
BRDA:56,7,1,0
BRDA:57,8,0,2
BRDA:57,8,1,1
BRDA:58,9,0,2
BRDA:58,9,1,1
BRDA:66,10,0,1
BRDA:66,10,1,2
BRDA:69,11,0,1
BRDA:69,11,1,0
BRDA:70,12,0,1
BRDA:70,12,1,0
BRF:25
BRH:22
end_of_record
