{"/home/anil/Dr.Assistant/doc_assistant/backend/user_service/src/models/index.js": {"path":"/home/anil/Dr.Assistant/doc_assistant/backend/user_service/src/models/index.js","statementMap":{"0":{"start":{"line":6,"column":22},"end":{"line":6,"column":42}},"1":{"start":{"line":7,"column":19},"end":{"line":7,"column":45}},"2":{"start":{"line":10,"column":0},"end":{"line":10,"column":27}},"3":{"start":{"line":13,"column":18},"end":{"line":29,"column":1}},"4":{"start":{"line":21,"column":22},"end":{"line":21,"column":39}},"5":{"start":{"line":32,"column":13},"end":{"line":32,"column":47}},"6":{"start":{"line":35,"column":0},"end":{"line":38,"column":2}}},"fnMap":{"0":{"name":"(anonymous_0)","decl":{"start":{"line":21,"column":13},"end":{"line":21,"column":14}},"loc":{"start":{"line":21,"column":22},"end":{"line":21,"column":39}},"line":21}},"branchMap":{"0":{"loc":{"start":{"line":14,"column":2},"end":{"line":14,"column":39}},"type":"binary-expr","locations":[{"start":{"line":14,"column":2},"end":{"line":14,"column":21}},{"start":{"line":14,"column":25},"end":{"line":14,"column":39}}],"line":14},"1":{"loc":{"start":{"line":15,"column":2},"end":{"line":15,"column":35}},"type":"binary-expr","locations":[{"start":{"line":15,"column":2},"end":{"line":15,"column":21}},{"start":{"line":15,"column":25},"end":{"line":15,"column":35}}],"line":15},"2":{"loc":{"start":{"line":16,"column":2},"end":{"line":16,"column":39}},"type":"binary-expr","locations":[{"start":{"line":16,"column":2},"end":{"line":16,"column":25}},{"start":{"line":16,"column":29},"end":{"line":16,"column":39}}],"line":16},"3":{"loc":{"start":{"line":18,"column":10},"end":{"line":18,"column":44}},"type":"binary-expr","locations":[{"start":{"line":18,"column":10},"end":{"line":18,"column":29}},{"start":{"line":18,"column":33},"end":{"line":18,"column":44}}],"line":18},"4":{"loc":{"start":{"line":19,"column":19},"end":{"line":19,"column":48}},"type":"binary-expr","locations":[{"start":{"line":19,"column":19},"end":{"line":19,"column":38}},{"start":{"line":19,"column":42},"end":{"line":19,"column":48}}],"line":19},"5":{"loc":{"start":{"line":23,"column":20},"end":{"line":23,"column":50}},"type":"binary-expr","locations":[{"start":{"line":23,"column":20},"end":{"line":23,"column":43}},{"start":{"line":23,"column":47},"end":{"line":23,"column":50}}],"line":23}},"s":{"0":1,"1":1,"2":1,"3":1,"4":30,"5":1,"6":1},"f":{"0":30},"b":{"0":[1,0],"1":[1,0],"2":[1,0],"3":[1,0],"4":[1,0],"5":[1,1]},"inputSourceMap":null,"_coverageSchema":"1a1c01bbd47fc00a2c39e90264f33305004495a9","hash":"ee52fed51fde9325d62d500f0f2d41289feee62e"}
,"/home/anil/Dr.Assistant/doc_assistant/backend/user_service/src/models/user.model.js": {"path":"/home/anil/Dr.Assistant/doc_assistant/backend/user_service/src/models/user.model.js","statementMap":{"0":{"start":{"line":6,"column":22},"end":{"line":6,"column":42}},"1":{"start":{"line":8,"column":0},"end":{"line":71,"column":2}},"2":{"start":{"line":9,"column":15},"end":{"line":68,"column":4}},"3":{"start":{"line":70,"column":2},"end":{"line":70,"column":14}}},"fnMap":{"0":{"name":"(anonymous_0)","decl":{"start":{"line":8,"column":17},"end":{"line":8,"column":18}},"loc":{"start":{"line":8,"column":32},"end":{"line":71,"column":1}},"line":8}},"branchMap":{},"s":{"0":1,"1":1,"2":1,"3":1},"f":{"0":1},"b":{},"inputSourceMap":null,"_coverageSchema":"1a1c01bbd47fc00a2c39e90264f33305004495a9","hash":"eeb6b45b369c36cb3370fea73a16b610f25a7bd8"}
,"/home/anil/Dr.Assistant/doc_assistant/backend/user_service/src/services/user.service.js": {"path":"/home/anil/Dr.Assistant/doc_assistant/backend/user_service/src/services/user.service.js","statementMap":{"0":{"start":{"line":6,"column":15},"end":{"line":6,"column":35}},"1":{"start":{"line":7,"column":17},"end":{"line":7,"column":37}},"2":{"start":{"line":8,"column":41},"end":{"line":8,"column":74}},"3":{"start":{"line":15,"column":0},"end":{"line":75,"column":2}},"4":{"start":{"line":24,"column":6},"end":{"line":24,"column":13}},"5":{"start":{"line":27,"column":16},"end":{"line":27,"column":18}},"6":{"start":{"line":29,"column":2},"end":{"line":31,"column":3}},"7":{"start":{"line":30,"column":4},"end":{"line":30,"column":22}},"8":{"start":{"line":33,"column":2},"end":{"line":35,"column":3}},"9":{"start":{"line":34,"column":4},"end":{"line":34,"column":26}},"10":{"start":{"line":37,"column":2},"end":{"line":43,"column":3}},"11":{"start":{"line":38,"column":4},"end":{"line":42,"column":6}},"12":{"start":{"line":46,"column":17},"end":{"line":46,"column":35}},"13":{"start":{"line":49,"column":26},"end":{"line":57,"column":4}},"14":{"start":{"line":60,"column":21},"end":{"line":60,"column":45}},"15":{"start":{"line":61,"column":18},"end":{"line":61,"column":35}},"16":{"start":{"line":62,"column":18},"end":{"line":62,"column":26}},"17":{"start":{"line":64,"column":2},"end":{"line":74,"column":4}},"18":{"start":{"line":82,"column":0},"end":{"line":90,"column":2}},"19":{"start":{"line":83,"column":15},"end":{"line":83,"column":38}},"20":{"start":{"line":85,"column":2},"end":{"line":87,"column":3}},"21":{"start":{"line":86,"column":4},"end":{"line":86,"column":46}},"22":{"start":{"line":89,"column":2},"end":{"line":89,"column":14}},"23":{"start":{"line":97,"column":0},"end":{"line":120,"column":2}},"24":{"start":{"line":99,"column":23},"end":{"line":106,"column":4}},"25":{"start":{"line":108,"column":2},"end":{"line":114,"column":3}},"26":{"start":{"line":109,"column":4},"end":{"line":113,"column":6}},"27":{"start":{"line":117,"column":15},"end":{"line":117,"column":42}},"28":{"start":{"line":119,"column":2},"end":{"line":119,"column":14}},"29":{"start":{"line":128,"column":0},"end":{"line":160,"column":2}},"30":{"start":{"line":129,"column":15},"end":{"line":129,"column":38}},"31":{"start":{"line":131,"column":2},"end":{"line":133,"column":3}},"32":{"start":{"line":132,"column":4},"end":{"line":132,"column":46}},"33":{"start":{"line":136,"column":2},"end":{"line":144,"column":3}},"34":{"start":{"line":137,"column":26},"end":{"line":139,"column":6}},"35":{"start":{"line":141,"column":4},"end":{"line":143,"column":5}},"36":{"start":{"line":142,"column":6},"end":{"line":142,"column":54}},"37":{"start":{"line":146,"column":2},"end":{"line":154,"column":3}},"38":{"start":{"line":147,"column":29},"end":{"line":149,"column":6}},"39":{"start":{"line":151,"column":4},"end":{"line":153,"column":5}},"40":{"start":{"line":152,"column":6},"end":{"line":152,"column":56}},"41":{"start":{"line":157,"column":2},"end":{"line":157,"column":30}},"42":{"start":{"line":159,"column":2},"end":{"line":159,"column":14}},"43":{"start":{"line":167,"column":0},"end":{"line":177,"column":2}},"44":{"start":{"line":168,"column":15},"end":{"line":168,"column":38}},"45":{"start":{"line":170,"column":2},"end":{"line":172,"column":3}},"46":{"start":{"line":171,"column":4},"end":{"line":171,"column":46}},"47":{"start":{"line":174,"column":2},"end":{"line":174,"column":23}},"48":{"start":{"line":176,"column":2},"end":{"line":176,"column":14}},"49":{"start":{"line":185,"column":0},"end":{"line":202,"column":2}},"50":{"start":{"line":186,"column":15},"end":{"line":186,"column":38}},"51":{"start":{"line":188,"column":2},"end":{"line":190,"column":3}},"52":{"start":{"line":189,"column":4},"end":{"line":189,"column":46}},"53":{"start":{"line":193,"column":29},"end":{"line":196,"column":3}},"54":{"start":{"line":199,"column":2},"end":{"line":199,"column":57}},"55":{"start":{"line":201,"column":2},"end":{"line":201,"column":14}},"56":{"start":{"line":209,"column":0},"end":{"line":217,"column":2}},"57":{"start":{"line":210,"column":15},"end":{"line":210,"column":38}},"58":{"start":{"line":212,"column":2},"end":{"line":214,"column":3}},"59":{"start":{"line":213,"column":4},"end":{"line":213,"column":46}},"60":{"start":{"line":216,"column":2},"end":{"line":216,"column":32}},"61":{"start":{"line":224,"column":0},"end":{"line":252,"column":2}},"62":{"start":{"line":226,"column":23},"end":{"line":234,"column":4}},"63":{"start":{"line":236,"column":2},"end":{"line":246,"column":3}},"64":{"start":{"line":237,"column":4},"end":{"line":240,"column":5}},"65":{"start":{"line":239,"column":6},"end":{"line":239,"column":26}},"66":{"start":{"line":241,"column":4},"end":{"line":245,"column":6}},"67":{"start":{"line":249,"column":15},"end":{"line":249,"column":42}},"68":{"start":{"line":251,"column":2},"end":{"line":251,"column":14}}},"fnMap":{"0":{"name":"(anonymous_0)","decl":{"start":{"line":15,"column":22},"end":{"line":15,"column":23}},"loc":{"start":{"line":15,"column":46},"end":{"line":75,"column":1}},"line":15},"1":{"name":"(anonymous_1)","decl":{"start":{"line":82,"column":22},"end":{"line":82,"column":23}},"loc":{"start":{"line":82,"column":36},"end":{"line":90,"column":1}},"line":82},"2":{"name":"(anonymous_2)","decl":{"start":{"line":97,"column":21},"end":{"line":97,"column":22}},"loc":{"start":{"line":97,"column":41},"end":{"line":120,"column":1}},"line":97},"3":{"name":"(anonymous_3)","decl":{"start":{"line":128,"column":21},"end":{"line":128,"column":22}},"loc":{"start":{"line":128,"column":45},"end":{"line":160,"column":1}},"line":128},"4":{"name":"(anonymous_4)","decl":{"start":{"line":167,"column":21},"end":{"line":167,"column":22}},"loc":{"start":{"line":167,"column":35},"end":{"line":177,"column":1}},"line":167},"5":{"name":"(anonymous_5)","decl":{"start":{"line":185,"column":32},"end":{"line":185,"column":33}},"loc":{"start":{"line":185,"column":59},"end":{"line":202,"column":1}},"line":185},"6":{"name":"(anonymous_6)","decl":{"start":{"line":209,"column":29},"end":{"line":209,"column":30}},"loc":{"start":{"line":209,"column":43},"end":{"line":217,"column":1}},"line":209},"7":{"name":"(anonymous_7)","decl":{"start":{"line":224,"column":29},"end":{"line":224,"column":30}},"loc":{"start":{"line":224,"column":49},"end":{"line":252,"column":1}},"line":224}},"branchMap":{"0":{"loc":{"start":{"line":15,"column":29},"end":{"line":15,"column":41}},"type":"default-arg","locations":[{"start":{"line":15,"column":39},"end":{"line":15,"column":41}}],"line":15},"1":{"loc":{"start":{"line":17,"column":4},"end":{"line":17,"column":12}},"type":"default-arg","locations":[{"start":{"line":17,"column":11},"end":{"line":17,"column":12}}],"line":17},"2":{"loc":{"start":{"line":18,"column":4},"end":{"line":18,"column":14}},"type":"default-arg","locations":[{"start":{"line":18,"column":12},"end":{"line":18,"column":14}}],"line":18},"3":{"loc":{"start":{"line":19,"column":4},"end":{"line":19,"column":15}},"type":"default-arg","locations":[{"start":{"line":19,"column":11},"end":{"line":19,"column":15}}],"line":19},"4":{"loc":{"start":{"line":20,"column":4},"end":{"line":20,"column":17}},"type":"default-arg","locations":[{"start":{"line":20,"column":13},"end":{"line":20,"column":17}}],"line":20},"5":{"loc":{"start":{"line":21,"column":4},"end":{"line":21,"column":17}},"type":"default-arg","locations":[{"start":{"line":21,"column":13},"end":{"line":21,"column":17}}],"line":21},"6":{"loc":{"start":{"line":22,"column":4},"end":{"line":22,"column":22}},"type":"default-arg","locations":[{"start":{"line":22,"column":11},"end":{"line":22,"column":22}}],"line":22},"7":{"loc":{"start":{"line":23,"column":4},"end":{"line":23,"column":17}},"type":"default-arg","locations":[{"start":{"line":23,"column":12},"end":{"line":23,"column":17}}],"line":23},"8":{"loc":{"start":{"line":29,"column":2},"end":{"line":31,"column":3}},"type":"if","locations":[{"start":{"line":29,"column":2},"end":{"line":31,"column":3}},{"start":{},"end":{}}],"line":29},"9":{"loc":{"start":{"line":33,"column":2},"end":{"line":35,"column":3}},"type":"if","locations":[{"start":{"line":33,"column":2},"end":{"line":35,"column":3}},{"start":{},"end":{}}],"line":33},"10":{"loc":{"start":{"line":37,"column":2},"end":{"line":43,"column":3}},"type":"if","locations":[{"start":{"line":37,"column":2},"end":{"line":43,"column":3}},{"start":{},"end":{}}],"line":37},"11":{"loc":{"start":{"line":85,"column":2},"end":{"line":87,"column":3}},"type":"if","locations":[{"start":{"line":85,"column":2},"end":{"line":87,"column":3}},{"start":{},"end":{}}],"line":85},"12":{"loc":{"start":{"line":108,"column":2},"end":{"line":114,"column":3}},"type":"if","locations":[{"start":{"line":108,"column":2},"end":{"line":114,"column":3}},{"start":{},"end":{}}],"line":108},"13":{"loc":{"start":{"line":110,"column":6},"end":{"line":112,"column":34}},"type":"cond-expr","locations":[{"start":{"line":111,"column":10},"end":{"line":111,"column":32}},{"start":{"line":112,"column":10},"end":{"line":112,"column":34}}],"line":110},"14":{"loc":{"start":{"line":131,"column":2},"end":{"line":133,"column":3}},"type":"if","locations":[{"start":{"line":131,"column":2},"end":{"line":133,"column":3}},{"start":{},"end":{}}],"line":131},"15":{"loc":{"start":{"line":136,"column":2},"end":{"line":144,"column":3}},"type":"if","locations":[{"start":{"line":136,"column":2},"end":{"line":144,"column":3}},{"start":{},"end":{}}],"line":136},"16":{"loc":{"start":{"line":136,"column":6},"end":{"line":136,"column":53}},"type":"binary-expr","locations":[{"start":{"line":136,"column":6},"end":{"line":136,"column":20}},{"start":{"line":136,"column":24},"end":{"line":136,"column":53}}],"line":136},"17":{"loc":{"start":{"line":141,"column":4},"end":{"line":143,"column":5}},"type":"if","locations":[{"start":{"line":141,"column":4},"end":{"line":143,"column":5}},{"start":{},"end":{}}],"line":141},"18":{"loc":{"start":{"line":146,"column":2},"end":{"line":154,"column":3}},"type":"if","locations":[{"start":{"line":146,"column":2},"end":{"line":154,"column":3}},{"start":{},"end":{}}],"line":146},"19":{"loc":{"start":{"line":146,"column":6},"end":{"line":146,"column":62}},"type":"binary-expr","locations":[{"start":{"line":146,"column":6},"end":{"line":146,"column":23}},{"start":{"line":146,"column":27},"end":{"line":146,"column":62}}],"line":146},"20":{"loc":{"start":{"line":151,"column":4},"end":{"line":153,"column":5}},"type":"if","locations":[{"start":{"line":151,"column":4},"end":{"line":153,"column":5}},{"start":{},"end":{}}],"line":151},"21":{"loc":{"start":{"line":170,"column":2},"end":{"line":172,"column":3}},"type":"if","locations":[{"start":{"line":170,"column":2},"end":{"line":172,"column":3}},{"start":{},"end":{}}],"line":170},"22":{"loc":{"start":{"line":188,"column":2},"end":{"line":190,"column":3}},"type":"if","locations":[{"start":{"line":188,"column":2},"end":{"line":190,"column":3}},{"start":{},"end":{}}],"line":188},"23":{"loc":{"start":{"line":212,"column":2},"end":{"line":214,"column":3}},"type":"if","locations":[{"start":{"line":212,"column":2},"end":{"line":214,"column":3}},{"start":{},"end":{}}],"line":212},"24":{"loc":{"start":{"line":216,"column":9},"end":{"line":216,"column":31}},"type":"binary-expr","locations":[{"start":{"line":216,"column":9},"end":{"line":216,"column":25}},{"start":{"line":216,"column":29},"end":{"line":216,"column":31}}],"line":216},"25":{"loc":{"start":{"line":236,"column":2},"end":{"line":246,"column":3}},"type":"if","locations":[{"start":{"line":236,"column":2},"end":{"line":246,"column":3}},{"start":{},"end":{}}],"line":236},"26":{"loc":{"start":{"line":237,"column":4},"end":{"line":240,"column":5}},"type":"if","locations":[{"start":{"line":237,"column":4},"end":{"line":240,"column":5}},{"start":{},"end":{}}],"line":237},"27":{"loc":{"start":{"line":242,"column":6},"end":{"line":244,"column":34}},"type":"cond-expr","locations":[{"start":{"line":243,"column":10},"end":{"line":243,"column":32}},{"start":{"line":244,"column":10},"end":{"line":244,"column":34}}],"line":242}},"s":{"0":1,"1":1,"2":1,"3":1,"4":1,"5":1,"6":1,"7":0,"8":1,"9":0,"10":1,"11":0,"12":1,"13":1,"14":1,"15":1,"16":1,"17":1,"18":1,"19":2,"20":2,"21":1,"22":1,"23":1,"24":2,"25":2,"26":1,"27":1,"28":1,"29":1,"30":2,"31":2,"32":1,"33":1,"34":0,"35":0,"36":0,"37":1,"38":0,"39":0,"40":0,"41":1,"42":1,"43":1,"44":2,"45":2,"46":1,"47":1,"48":1,"49":1,"50":0,"51":0,"52":0,"53":0,"54":0,"55":0,"56":1,"57":0,"58":0,"59":0,"60":0,"61":1,"62":0,"63":0,"64":0,"65":0,"66":0,"67":0,"68":0},"f":{"0":1,"1":2,"2":2,"3":2,"4":2,"5":0,"6":0,"7":0},"b":{"0":[1],"1":[1],"2":[1],"3":[1],"4":[1],"5":[1],"6":[1],"7":[1],"8":[0,1],"9":[0,1],"10":[0,1],"11":[1,1],"12":[1,1],"13":[1,0],"14":[1,1],"15":[0,1],"16":[1,0],"17":[0,0],"18":[0,1],"19":[1,0],"20":[0,0],"21":[1,1],"22":[0,0],"23":[0,0],"24":[0,0],"25":[0,0],"26":[0,0],"27":[0,0]},"inputSourceMap":null,"_coverageSchema":"1a1c01bbd47fc00a2c39e90264f33305004495a9","hash":"6aec895809e45b8481e69b6a9a8dab817043ebf7"}
,"/home/anil/Dr.Assistant/doc_assistant/backend/user_service/src/utils/error-handler.js": {"path":"/home/anil/Dr.Assistant/doc_assistant/backend/user_service/src/utils/error-handler.js","statementMap":{"0":{"start":{"line":11,"column":4},"end":{"line":11,"column":19}},"1":{"start":{"line":12,"column":4},"end":{"line":12,"column":38}},"2":{"start":{"line":13,"column":4},"end":{"line":13,"column":52}},"3":{"start":{"line":22,"column":4},"end":{"line":22,"column":19}},"4":{"start":{"line":23,"column":4},"end":{"line":23,"column":25}},"5":{"start":{"line":32,"column":4},"end":{"line":32,"column":19}},"6":{"start":{"line":41,"column":4},"end":{"line":41,"column":19}},"7":{"start":{"line":50,"column":4},"end":{"line":50,"column":19}},"8":{"start":{"line":59,"column":4},"end":{"line":59,"column":19}},"9":{"start":{"line":68,"column":4},"end":{"line":68,"column":19}},"10":{"start":{"line":77,"column":4},"end":{"line":77,"column":19}},"11":{"start":{"line":81,"column":0},"end":{"line":90,"column":2}}},"fnMap":{"0":{"name":"(anonymous_0)","decl":{"start":{"line":10,"column":2},"end":{"line":10,"column":3}},"loc":{"start":{"line":10,"column":23},"end":{"line":14,"column":3}},"line":10},"1":{"name":"(anonymous_1)","decl":{"start":{"line":21,"column":2},"end":{"line":21,"column":3}},"loc":{"start":{"line":21,"column":36},"end":{"line":24,"column":3}},"line":21},"2":{"name":"(anonymous_2)","decl":{"start":{"line":31,"column":2},"end":{"line":31,"column":3}},"loc":{"start":{"line":31,"column":51},"end":{"line":33,"column":3}},"line":31},"3":{"name":"(anonymous_3)","decl":{"start":{"line":40,"column":2},"end":{"line":40,"column":3}},"loc":{"start":{"line":40,"column":52},"end":{"line":42,"column":3}},"line":40},"4":{"name":"(anonymous_4)","decl":{"start":{"line":49,"column":2},"end":{"line":49,"column":3}},"loc":{"start":{"line":49,"column":46},"end":{"line":51,"column":3}},"line":49},"5":{"name":"(anonymous_5)","decl":{"start":{"line":58,"column":2},"end":{"line":58,"column":3}},"loc":{"start":{"line":58,"column":51},"end":{"line":60,"column":3}},"line":58},"6":{"name":"(anonymous_6)","decl":{"start":{"line":67,"column":2},"end":{"line":67,"column":3}},"loc":{"start":{"line":67,"column":39},"end":{"line":69,"column":3}},"line":67},"7":{"name":"(anonymous_7)","decl":{"start":{"line":76,"column":2},"end":{"line":76,"column":3}},"loc":{"start":{"line":76,"column":47},"end":{"line":78,"column":3}},"line":76}},"branchMap":{"0":{"loc":{"start":{"line":21,"column":23},"end":{"line":21,"column":34}},"type":"default-arg","locations":[{"start":{"line":21,"column":32},"end":{"line":21,"column":34}}],"line":21},"1":{"loc":{"start":{"line":31,"column":14},"end":{"line":31,"column":49}},"type":"default-arg","locations":[{"start":{"line":31,"column":24},"end":{"line":31,"column":49}}],"line":31},"2":{"loc":{"start":{"line":40,"column":14},"end":{"line":40,"column":50}},"type":"default-arg","locations":[{"start":{"line":40,"column":24},"end":{"line":40,"column":50}}],"line":40},"3":{"loc":{"start":{"line":49,"column":14},"end":{"line":49,"column":44}},"type":"default-arg","locations":[{"start":{"line":49,"column":24},"end":{"line":49,"column":44}}],"line":49},"4":{"loc":{"start":{"line":58,"column":14},"end":{"line":58,"column":49}},"type":"default-arg","locations":[{"start":{"line":58,"column":24},"end":{"line":58,"column":49}}],"line":58},"5":{"loc":{"start":{"line":67,"column":14},"end":{"line":67,"column":37}},"type":"default-arg","locations":[{"start":{"line":67,"column":24},"end":{"line":67,"column":37}}],"line":67},"6":{"loc":{"start":{"line":76,"column":14},"end":{"line":76,"column":45}},"type":"default-arg","locations":[{"start":{"line":76,"column":24},"end":{"line":76,"column":45}}],"line":76}},"s":{"0":4,"1":4,"2":4,"3":0,"4":0,"5":0,"6":0,"7":3,"8":1,"9":0,"10":0,"11":1},"f":{"0":4,"1":0,"2":0,"3":0,"4":3,"5":1,"6":0,"7":0},"b":{"0":[0],"1":[0],"2":[0],"3":[0],"4":[0],"5":[0],"6":[0]},"inputSourceMap":null,"_coverageSchema":"1a1c01bbd47fc00a2c39e90264f33305004495a9","hash":"cb7c81525c4a6801a3a7e383c90aa787d4c4f5e6"}
,"/home/anil/Dr.Assistant/doc_assistant/backend/user_service/src/utils/logger.js": {"path":"/home/anil/Dr.Assistant/doc_assistant/backend/user_service/src/utils/logger.js","statementMap":{"0":{"start":{"line":6,"column":16},"end":{"line":6,"column":34}},"1":{"start":{"line":7,"column":31},"end":{"line":7,"column":38}},"2":{"start":{"line":10,"column":0},"end":{"line":10,"column":27}},"3":{"start":{"line":13,"column":15},"end":{"line":19,"column":1}},"4":{"start":{"line":22,"column":14},"end":{"line":26,"column":1}},"5":{"start":{"line":23,"column":14},"end":{"line":23,"column":51}},"6":{"start":{"line":24,"column":24},"end":{"line":24,"column":45}},"7":{"start":{"line":25,"column":2},"end":{"line":25,"column":42}},"8":{"start":{"line":29,"column":15},"end":{"line":35,"column":1}},"9":{"start":{"line":38,"column":0},"end":{"line":38,"column":26}},"10":{"start":{"line":41,"column":18},"end":{"line":55,"column":1}},"11":{"start":{"line":45,"column":51},"end":{"line":45,"column":55}},"12":{"start":{"line":46,"column":20},"end":{"line":46,"column":34}},"13":{"start":{"line":49,"column":21},"end":{"line":51,"column":10}},"14":{"start":{"line":53,"column":4},"end":{"line":53,"column":72}},"15":{"start":{"line":58,"column":15},"end":{"line":85,"column":2}},"16":{"start":{"line":88,"column":0},"end":{"line":90,"column":2}}},"fnMap":{"0":{"name":"(anonymous_0)","decl":{"start":{"line":22,"column":14},"end":{"line":22,"column":15}},"loc":{"start":{"line":22,"column":20},"end":{"line":26,"column":1}},"line":22},"1":{"name":"(anonymous_1)","decl":{"start":{"line":44,"column":16},"end":{"line":44,"column":17}},"loc":{"start":{"line":44,"column":26},"end":{"line":54,"column":3}},"line":44}},"branchMap":{"0":{"loc":{"start":{"line":23,"column":14},"end":{"line":23,"column":51}},"type":"binary-expr","locations":[{"start":{"line":23,"column":14},"end":{"line":23,"column":34}},{"start":{"line":23,"column":38},"end":{"line":23,"column":51}}],"line":23},"1":{"loc":{"start":{"line":25,"column":9},"end":{"line":25,"column":41}},"type":"cond-expr","locations":[{"start":{"line":25,"column":25},"end":{"line":25,"column":32}},{"start":{"line":25,"column":35},"end":{"line":25,"column":41}}],"line":25},"2":{"loc":{"start":{"line":49,"column":21},"end":{"line":51,"column":10}},"type":"cond-expr","locations":[{"start":{"line":50,"column":8},"end":{"line":50,"column":37}},{"start":{"line":51,"column":8},"end":{"line":51,"column":10}}],"line":49}},"s":{"0":1,"1":1,"2":1,"3":1,"4":1,"5":1,"6":1,"7":1,"8":1,"9":1,"10":1,"11":30,"12":30,"13":30,"14":30,"15":1,"16":1},"f":{"0":1,"1":30},"b":{"0":[1,0],"1":[0,1],"2":[0,30]},"inputSourceMap":null,"_coverageSchema":"1a1c01bbd47fc00a2c39e90264f33305004495a9","hash":"66285ea5c165481b010d7167ac5902bd97e156c8"}
}
