TN:
SF:src/models/index.js
FN:21,(anonymous_0)
FNF:1
FNH:1
FNDA:30,(anonymous_0)
DA:6,1
DA:7,1
DA:10,1
DA:13,1
DA:21,30
DA:32,1
DA:35,1
LF:7
LH:7
BRDA:14,0,0,1
BRDA:14,0,1,0
BRDA:15,1,0,1
BRDA:15,1,1,0
BRDA:16,2,0,1
BRDA:16,2,1,0
BRDA:18,3,0,1
BRDA:18,3,1,0
BRDA:19,4,0,1
BRDA:19,4,1,0
BRDA:23,5,0,1
BRDA:23,5,1,1
BRF:12
BRH:7
end_of_record
TN:
SF:src/models/user.model.js
FN:8,(anonymous_0)
FNF:1
FNH:1
FNDA:1,(anonymous_0)
DA:6,1
DA:8,1
DA:9,1
DA:70,1
LF:4
LH:4
BRF:0
BRH:0
end_of_record
TN:
SF:src/services/user.service.js
FN:15,(anonymous_0)
FN:82,(anonymous_1)
FN:97,(anonymous_2)
FN:128,(anonymous_3)
FN:167,(anonymous_4)
FN:185,(anonymous_5)
FN:209,(anonymous_6)
FN:224,(anonymous_7)
FNF:8
FNH:5
FNDA:1,(anonymous_0)
FNDA:2,(anonymous_1)
FNDA:2,(anonymous_2)
FNDA:2,(anonymous_3)
FNDA:2,(anonymous_4)
FNDA:0,(anonymous_5)
FNDA:0,(anonymous_6)
FNDA:0,(anonymous_7)
DA:6,1
DA:7,1
DA:8,1
DA:15,1
DA:24,1
DA:27,1
DA:29,1
DA:30,0
DA:33,1
DA:34,0
DA:37,1
DA:38,0
DA:46,1
DA:49,1
DA:60,1
DA:61,1
DA:62,1
DA:64,1
DA:82,1
DA:83,2
DA:85,2
DA:86,1
DA:89,1
DA:97,1
DA:99,2
DA:108,2
DA:109,1
DA:117,1
DA:119,1
DA:128,1
DA:129,2
DA:131,2
DA:132,1
DA:136,1
DA:137,0
DA:141,0
DA:142,0
DA:146,1
DA:147,0
DA:151,0
DA:152,0
DA:157,1
DA:159,1
DA:167,1
DA:168,2
DA:170,2
DA:171,1
DA:174,1
DA:176,1
DA:185,1
DA:186,0
DA:188,0
DA:189,0
DA:193,0
DA:199,0
DA:201,0
DA:209,1
DA:210,0
DA:212,0
DA:213,0
DA:216,0
DA:224,1
DA:226,0
DA:236,0
DA:237,0
DA:239,0
DA:241,0
DA:249,0
DA:251,0
LF:69
LH:43
BRDA:15,0,0,1
BRDA:17,1,0,1
BRDA:18,2,0,1
BRDA:19,3,0,1
BRDA:20,4,0,1
BRDA:21,5,0,1
BRDA:22,6,0,1
BRDA:23,7,0,1
BRDA:29,8,0,0
BRDA:29,8,1,1
BRDA:33,9,0,0
BRDA:33,9,1,1
BRDA:37,10,0,0
BRDA:37,10,1,1
BRDA:85,11,0,1
BRDA:85,11,1,1
BRDA:108,12,0,1
BRDA:108,12,1,1
BRDA:110,13,0,1
BRDA:110,13,1,0
BRDA:131,14,0,1
BRDA:131,14,1,1
BRDA:136,15,0,0
BRDA:136,15,1,1
BRDA:136,16,0,1
BRDA:136,16,1,0
BRDA:141,17,0,0
BRDA:141,17,1,0
BRDA:146,18,0,0
BRDA:146,18,1,1
BRDA:146,19,0,1
BRDA:146,19,1,0
BRDA:151,20,0,0
BRDA:151,20,1,0
BRDA:170,21,0,1
BRDA:170,21,1,1
BRDA:188,22,0,0
BRDA:188,22,1,0
BRDA:212,23,0,0
BRDA:212,23,1,0
BRDA:216,24,0,0
BRDA:216,24,1,0
BRDA:236,25,0,0
BRDA:236,25,1,0
BRDA:237,26,0,0
BRDA:237,26,1,0
BRDA:242,27,0,0
BRDA:242,27,1,0
BRF:48
BRH:24
end_of_record
TN:
SF:src/utils/error-handler.js
FN:10,(anonymous_0)
FN:21,(anonymous_1)
FN:31,(anonymous_2)
FN:40,(anonymous_3)
FN:49,(anonymous_4)
FN:58,(anonymous_5)
FN:67,(anonymous_6)
FN:76,(anonymous_7)
FNF:8
FNH:3
FNDA:4,(anonymous_0)
FNDA:0,(anonymous_1)
FNDA:0,(anonymous_2)
FNDA:0,(anonymous_3)
FNDA:3,(anonymous_4)
FNDA:1,(anonymous_5)
FNDA:0,(anonymous_6)
FNDA:0,(anonymous_7)
DA:11,4
DA:12,4
DA:13,4
DA:22,0
DA:23,0
DA:32,0
DA:41,0
DA:50,3
DA:59,1
DA:68,0
DA:77,0
DA:81,1
LF:12
LH:6
BRDA:21,0,0,0
BRDA:31,1,0,0
BRDA:40,2,0,0
BRDA:49,3,0,0
BRDA:58,4,0,0
BRDA:67,5,0,0
BRDA:76,6,0,0
BRF:7
BRH:0
end_of_record
TN:
SF:src/utils/logger.js
FN:22,(anonymous_0)
FN:44,(anonymous_1)
FNF:2
FNH:2
FNDA:1,(anonymous_0)
FNDA:30,(anonymous_1)
DA:6,1
DA:7,1
DA:10,1
DA:13,1
DA:22,1
DA:23,1
DA:24,1
DA:25,1
DA:29,1
DA:38,1
DA:41,1
DA:45,30
DA:46,30
DA:49,30
DA:53,30
DA:58,1
DA:88,1
LF:17
LH:17
BRDA:23,0,0,1
BRDA:23,0,1,0
BRDA:25,1,0,0
BRDA:25,1,1,1
BRDA:49,2,0,0
BRDA:49,2,1,30
BRF:6
BRH:3
end_of_record
